#
# A fatal error has been detected by the Java Runtime Environment:
#
#  EXCEPTION_ACCESS_VIOLATION (0xc0000005) at pc=0x00007ffd4340b00b, pid=904, tid=6980
#
# JRE version: OpenJDK Runtime Environment Temurin-17.0.10+7 (17.0.10+7) (build 17.0.10+7)
# Java VM: OpenJDK 64-Bit Server VM Temurin-17.0.10+7 (17.0.10+7, mixed mode, emulated-client, tiered, compressed oops, compressed class ptrs, g1 gc, windows-amd64)
# Problematic frame:
# C  0x00007ffd4340b00b
#
# No core dump will be written. Minidumps are not enabled by default on client versions of Windows
#
# If you would like to submit a bug report, please visit:
#   https://github.com/adoptium/adoptium-support/issues
# The crash happened outside the Java Virtual Machine in native code.
# See problematic frame for where to report the bug.
#

---------------  S U M M A R Y ------------

Command Line: -XX:+ShowCodeDetailsInExceptionMessages -agentlib:jdwp=transport=dt_socket,suspend=y,address=localhost:50148 -Dcom.sun.management.jmxremote -Dcom.sun.management.jmxremote.port=50147 -Dcom.sun.management.jmxremote.authenticate=false -Dcom.sun.management.jmxremote.ssl=false -Djava.rmi.server.hostname=localhost -Dspring.jmx.enabled=true -Dmanagement.endpoints.jmx.exposure.include=* -Dspring.application.admin.enabled=true -XX:TieredStopAtLevel=1 -Dspring.boot.project.name=abbyyApi -javaagent:C:\Users\student\Desktop\spring-tool-suite-4-4.22.0.RELEASE-e4.31.0-win32.win32.x86_64.self-extracting\sts-4.22.0.RELEASE\configuration\org.eclipse.osgi\266\0\.cp\lib\javaagent-shaded.jar -Dfile.encoding=UTF-8 -Dstdout.encoding=UTF-8 -Dstderr.encoding=UTF-8 com.abbyysdk.AbbyyApiApplication --spring.output.ansi.enabled=always

Host: 11th Gen Intel(R) Core(TM) i5-1135G7 @ 2.40GHz, 2 cores, 6G,  Windows 10 , 64 bit Build 14393 (10.0.14393.4651)
Time: Wed Mar 20 13:59:58 2024 Arab Standard Time elapsed time: 255.002515 seconds (0d 0h 4m 15s)

---------------  T H R E A D  ---------------

Current thread (0x0000024b3435b820):  JavaThread "JDWP Transport Listener: dt_socket" daemon [_thread_in_native, id=6980, stack(0x000000a384900000,0x000000a384a00000)]

Stack: [0x000000a384900000,0x000000a384a00000],  sp=0x000000a3849ff110,  free space=1020k
Native frames: (J=compiled Java code, j=interpreted, Vv=VM code, C=native code)
C  0x00007ffd4340b00b


siginfo: EXCEPTION_ACCESS_VIOLATION (0xc0000005), reading address 0x0000024b411c9308


Registers:
RAX=0x0000024b3aa1ab80, RBX=0x0000000000000021, RCX=0x00007ffd43b0a0c0, RDX=0x0000024b411c9300
RSP=0x000000a3849ff110, RBP=0x00007ffd43b0a0c0, RSI=0x0000024b3fc72910, RDI=0x00007ffd43b0a0c0
R8 =0x0000024b3fc72910, R9 =0x000000000000003f, R10=0x00001684aaa882ff, R11=0x000000a3849ff0f0
R12=0x0000000000000017, R13=0x0000000000000040, R14=0x000000a3849ff2c8, R15=0x0000024b3fc72910
RIP=0x00007ffd4340b00b, EFLAGS=0x0000000000010246


Register to memory mapping:

RIP=0x00007ffd4340b00b points into unknown readable memory: 48 8b 42 08 48
RAX=0x0000024b3aa1ab80 points into unknown readable memory: 0x0000000000000000 | 00 00 00 00 00 00 00 00
RBX=0x0000000000000021 is an unknown value
RCX=0x00007ffd43b0a0c0 points into unknown readable memory: 0x0000002200000022 | 22 00 00 00 22 00 00 00
RDX=0x0000024b411c9300 is an unknown value
RSP=0x000000a3849ff110 is pointing into the stack for thread: 0x0000024b3435b820
RBP=0x00007ffd43b0a0c0 points into unknown readable memory: 0x0000002200000022 | 22 00 00 00 22 00 00 00
RSI=0x0000024b3fc72910 points into unknown readable memory: 0x0000297a0b094773 | 73 47 09 0b 7a 29 00 00
RDI=0x00007ffd43b0a0c0 points into unknown readable memory: 0x0000002200000022 | 22 00 00 00 22 00 00 00
R8 =0x0000024b3fc72910 points into unknown readable memory: 0x0000297a0b094773 | 73 47 09 0b 7a 29 00 00
R9 =0x000000000000003f is an unknown value
R10=0x00001684aaa882ff is an unknown value
R11=0x000000a3849ff0f0 is pointing into the stack for thread: 0x0000024b3435b820
R12=0x0000000000000017 is an unknown value
R13=0x0000000000000040 is an unknown value
R14=0x000000a3849ff2c8 is pointing into the stack for thread: 0x0000024b3435b820
R15=0x0000024b3fc72910 points into unknown readable memory: 0x0000297a0b094773 | 73 47 09 0b 7a 29 00 00


Top of Stack: (sp=0x000000a3849ff110)
0x000000a3849ff110:   0000024b3fc72910 000000a3849ff2c8
0x000000a3849ff120:   0000024b3bd53120 0000024b34ea4f02
0x000000a3849ff130:   fffffffffffffffe 0000024b00000000
0x000000a3849ff140:   00001684aaa882ff 00007ffd4340aeda
0x000000a3849ff150:   00007ffd43b0a0c0 0000024b34ed7768
0x000000a3849ff160:   0000024b34f60010 00007ffd4341d7ff
0x000000a3849ff170:   0000024b3fc72910 000000a3849ff2c8
0x000000a3849ff180:   0000000000000000 00001684aaa882ff
0x000000a3849ff190:   0000024b3fc72910 00007ffd4340adfc
0x000000a3849ff1a0:   00001684aaa882ff 0000024b3fc77040
0x000000a3849ff1b0:   0000024b3fc77658 0000024b3fc72910
0x000000a3849ff1c0:   0000024b3fc72910 0000024b3fc72910
0x000000a3849ff1d0:   fffffffffffffffe 0000024b3f7390e0
0x000000a3849ff1e0:   00001684aaa882ff 00007ffd70c79043
0x000000a3849ff1f0:   0000024b3fc77050 0000024b3fc72910
0x000000a3849ff200:   0000024b3fc72910 0000024b34eacfd6
0x000000a3849ff210:   fffffffffffffffe 00007ffd70c791c8
0x000000a3849ff220:   00007ffd4343866c 00007ffd43290000
0x000000a3849ff230:   00007ffd739211c0 0000000000000000
0x000000a3849ff240:   000000a3849ff2b8 00007ffd70c7d45b
0x000000a3849ff250:   0000000000000000 000000a3849ff2c8
0x000000a3849ff260:   000000a3849ff580 00007ffd70d55c80
0x000000a3849ff270:   0000000000000000 00007ffd70c79174
0x000000a3849ff280:   0000000000000000 0000000000000001
0x000000a3849ff290:   0000024b39e6b401 000000a3849ff2b8
0x000000a3849ff2a0:   00007ffd43290000 00007ffd434384ea
0x000000a3849ff2b0:   00007ffd43aceec0 00007ffd00000002
0x000000a3849ff2c0:   0000024b00000002 000000a3849ff2b0
0x000000a3849ff2d0:   0000000000000000 00007ffd434385e0
0x000000a3849ff2e0:   0000000000000001 000000a3849ff500
0x000000a3849ff2f0:   0000000000000001 0000024b3f6a93b8
0x000000a3849ff300:   0000024b3aa18c90 000000a3849ff580 

Instructions: (pc=0x00007ffd4340b00b)
0x00007ffd4340af0b:   00 ff 03 eb de 48 83 c5 10 48 83 c3 10 49 83 ec
0x00007ffd4340af1b:   01 75 b4 48 8b 5c 24 58 48 8b 6c 24 60 48 83 c4
0x00007ffd4340af2b:   20 41 5f 41 5e 41 5c 5f 5e c3 cc cc cc 40 57 48
0x00007ffd4340af3b:   83 ec 30 48 c7 44 24 20 fe ff ff ff 48 89 5c 24
0x00007ffd4340af4b:   40 48 89 74 24 48 48 8b d9 44 8b 41 04 b9 22 00
0x00007ffd4340af5b:   00 00 44 3b c1 7c 10 48 8b 5c 24 40 48 8b 74 24
0x00007ffd4340af6b:   48 48 83 c4 30 5f c3 41 83 f8 12 7d 3d b8 08 00
0x00007ffd4340af7b:   00 00 41 2b c8 3b c8 0f 4f c1 41 8d 34 00 48 8b
0x00007ffd4340af8b:   7b 08 48 63 ce 48 c1 e1 03 ff 15 4e 32 2b 00 48
0x00007ffd4340af9b:   89 43 08 83 3b 00 0f 8f 45 c9 09 00 48 85 ff 0f
0x00007ffd4340afab:   85 55 c9 09 00 89 73 04 eb ad 41 8b c0 99 41 b9
0x00007ffd4340afbb:   02 00 00 00 41 f7 f9 eb b9 40 57 48 83 ec 30 48
0x00007ffd4340afcb:   c7 44 24 20 fe ff ff ff 48 89 5c 24 40 48 8b f9
0x00007ffd4340afdb:   8b 01 83 e8 01 48 63 d8 78 13 48 8b 47 08 48 8b
0x00007ffd4340afeb:   14 d8 48 85 d2 75 14 48 83 eb 01 79 ed 83 27 00
0x00007ffd4340affb:   48 8b 5c 24 40 48 83 c4 30 5f c3 48 83 24 d8 00
0x00007ffd4340b00b:   48 8b 42 08 48 63 48 04 48 83 c2 08 48 03 ca e8
0x00007ffd4340b01b:   e5 77 ee ff eb d1 cc cc cc 48 8b c4 48 89 58 08
0x00007ffd4340b02b:   48 89 68 10 48 89 70 18 48 89 78 20 41 56 48 83
0x00007ffd4340b03b:   ec 20 48 8b da 48 8b e9 48 8b 51 08 8b 82 08 18
0x00007ffd4340b04b:   00 00 39 03 0f 8d 9e 00 00 00 48 63 03 48 8b b2
0x00007ffd4340b05b:   00 18 00 00 48 8d 3c 40 48 03 ff 48 83 7c fe 20
0x00007ffd4340b06b:   00 0f 84 81 00 00 00 48 8b 4c fe 20 48 83 c1 28
0x00007ffd4340b07b:   ff 15 c7 27 2b 00 48 63 74 fe 2c 4c 8b f0 48 8b
0x00007ffd4340b08b:   fe 48 c1 e7 05 4d 8b 56 78 48 8d 0d 45 48 81 00
0x00007ffd4340b09b:   46 8b 4c 17 0c 41 8b d1 e8 58 44 f5 ff 84 c0 75
0x00007ffd4340b0ab:   23 45 85 c9 74 2e 41 8b c1 48 8b 5c 24 30 48 8b
0x00007ffd4340b0bb:   6c 24 38 48 8b 74 24 40 48 8b 7c 24 48 48 83 c4
0x00007ffd4340b0cb:   20 41 5e c3 41 0f bf 46 30 ff c8 3b f0 7c 1d 45
0x00007ffd4340b0db:   33 c9 eb cd ff 03 48 8b 55 08 8b 03 3b 82 08 18
0x00007ffd4340b0eb:   00 00 0f 8c 62 ff ff ff 33 c0 eb bd 4a 8b 0c 17
0x00007ffd4340b0fb:   48 85 c9 74 da 48 8b 49 18 48 81 c1 88 00 00 00 


Stack slot to memory mapping:
stack at sp + 0 slots: 0x0000024b3fc72910 points into unknown readable memory: 0x0000297a0b094773 | 73 47 09 0b 7a 29 00 00
stack at sp + 1 slots: 0x000000a3849ff2c8 is pointing into the stack for thread: 0x0000024b3435b820
stack at sp + 2 slots: 0x0000024b3bd53120 points into unknown readable memory: 0x0000004800000000 | 00 00 00 00 48 00 00 00
stack at sp + 3 slots: 0x0000024b34ea4f02 FineObj.dll
stack at sp + 4 slots: 0xfffffffffffffffe is an unknown value
stack at sp + 5 slots: 0x0000024b00000000 is an unknown value
stack at sp + 6 slots: 0x00001684aaa882ff is an unknown value
stack at sp + 7 slots: 0x00007ffd4340aeda points into unknown readable memory: 48 63 33 83 fe 22


---------------  P R O C E S S  ---------------

Threads class SMR info:
_java_thread_list=0x0000024b3b4f0230, length=36, elements={
0x0000024b340164e0, 0x0000024b34009610, 0x0000024b340673b0, 0x0000024b34161090,
0x0000024b34162ad0, 0x0000024b341633a0, 0x0000024b34165c80, 0x0000024b3406a400,
0x0000024b34279000, 0x0000024b3435b820, 0x0000024b3435c820, 0x0000024b393d7ea0,
0x0000024b3955a610, 0x0000024b3959e010, 0x0000024b3959e4f0, 0x0000024b395f60c0,
0x0000024b395a8c10, 0x0000024b396ff4a0, 0x0000024b39701810, 0x0000024b397003d0,
0x0000024b396fe570, 0x0000024b39700df0, 0x0000024b39701300, 0x0000024b396fea80,
0x0000024b396fef90, 0x0000024b3a9ddbc0, 0x0000024b3a9da920, 0x0000024b3a9d94e0,
0x0000024b3a9df000, 0x0000024b3a9dae30, 0x0000024b3a9d9f00, 0x0000024b3a9de0d0,
0x0000024b3a9dc780, 0x0000024b3a9dbd60, 0x0000024b3a9d99f0, 0x0000024b3a9deaf0
}

Java Threads: ( => current thread )
  0x0000024b340164e0 JavaThread "Reference Handler" daemon [_thread_blocked, id=2368, stack(0x000000a383f00000,0x000000a384000000)]
  0x0000024b34009610 JavaThread "Finalizer" daemon [_thread_blocked, id=5160, stack(0x000000a384000000,0x000000a384100000)]
  0x0000024b340673b0 JavaThread "Signal Dispatcher" daemon [_thread_blocked, id=5632, stack(0x000000a384100000,0x000000a384200000)]
  0x0000024b34161090 JavaThread "Attach Listener" daemon [_thread_blocked, id=4900, stack(0x000000a384200000,0x000000a384300000)]
  0x0000024b34162ad0 JavaThread "Service Thread" daemon [_thread_blocked, id=6716, stack(0x000000a384300000,0x000000a384400000)]
  0x0000024b341633a0 JavaThread "Monitor Deflation Thread" daemon [_thread_blocked, id=5748, stack(0x000000a384400000,0x000000a384500000)]
  0x0000024b34165c80 JavaThread "C1 CompilerThread0" daemon [_thread_blocked, id=6236, stack(0x000000a384500000,0x000000a384600000)]
  0x0000024b3406a400 JavaThread "Sweeper thread" daemon [_thread_blocked, id=6488, stack(0x000000a384600000,0x000000a384700000)]
  0x0000024b34279000 JavaThread "Common-Cleaner" daemon [_thread_blocked, id=4620, stack(0x000000a384700000,0x000000a384800000)]
=>0x0000024b3435b820 JavaThread "JDWP Transport Listener: dt_socket" daemon [_thread_in_native, id=6980, stack(0x000000a384900000,0x000000a384a00000)]
  0x0000024b3435c820 JavaThread "JDWP Event Helper Thread" daemon [_thread_blocked, id=6652, stack(0x000000a384a00000,0x000000a384b00000)]
  0x0000024b393d7ea0 JavaThread "Notification Thread" daemon [_thread_blocked, id=3440, stack(0x000000a384d00000,0x000000a384e00000)]
  0x0000024b3955a610 JavaThread "RMI TCP Accept-0" daemon [_thread_in_native, id=6100, stack(0x000000a384e00000,0x000000a384f00000)]
  0x0000024b3959e010 JavaThread "RMI TCP Accept-50147" daemon [_thread_in_native, id=6644, stack(0x000000a384f00000,0x000000a385000000)]
  0x0000024b3959e4f0 JavaThread "RMI TCP Accept-0" daemon [_thread_in_native, id=2600, stack(0x000000a385000000,0x000000a385100000)]
  0x0000024b395f60c0 JavaThread "RMI TCP Connection(6)-127.0.0.1" daemon [_thread_in_native, id=5348, stack(0x000000a385300000,0x000000a385400000)]
  0x0000024b395a8c10 JavaThread "RMI Scheduler(0)" daemon [_thread_blocked, id=7152, stack(0x000000a385400000,0x000000a385500000)]
  0x0000024b396ff4a0 JavaThread "JMX server connection timeout 23" daemon [_thread_blocked, id=5816, stack(0x000000a385500000,0x000000a385600000)]
  0x0000024b39701810 JavaThread "Catalina-utility-1" [_thread_blocked, id=4472, stack(0x000000a385a00000,0x000000a385b00000)]
  0x0000024b397003d0 JavaThread "Catalina-utility-2" [_thread_blocked, id=3112, stack(0x000000a385b00000,0x000000a385c00000)]
  0x0000024b396fe570 JavaThread "container-0" [_thread_blocked, id=5640, stack(0x000000a385c00000,0x000000a385d00000)]
  0x0000024b39700df0 JavaThread "File Watcher" daemon [_thread_blocked, id=4112, stack(0x000000a385d00000,0x000000a385e00000)]
  0x0000024b39701300 JavaThread "Live Reload Server" daemon [_thread_in_native, id=6972, stack(0x000000a385f00000,0x000000a386000000)]
  0x0000024b396fea80 JavaThread "http-nio-8080-exec-1" daemon [_thread_in_vm_trans, id=4916, stack(0x000000a386000000,0x000000a386100000)]
  0x0000024b396fef90 JavaThread "http-nio-8080-exec-2" daemon [_thread_blocked, id=4360, stack(0x000000a386100000,0x000000a386200000)]
  0x0000024b3a9ddbc0 JavaThread "http-nio-8080-exec-3" daemon [_thread_blocked, id=756, stack(0x000000a386200000,0x000000a386300000)]
  0x0000024b3a9da920 JavaThread "http-nio-8080-exec-4" daemon [_thread_blocked, id=1044, stack(0x000000a386300000,0x000000a386400000)]
  0x0000024b3a9d94e0 JavaThread "http-nio-8080-exec-5" daemon [_thread_blocked, id=480, stack(0x000000a386400000,0x000000a386500000)]
  0x0000024b3a9df000 JavaThread "http-nio-8080-exec-6" daemon [_thread_blocked, id=6372, stack(0x000000a386500000,0x000000a386600000)]
  0x0000024b3a9dae30 JavaThread "http-nio-8080-exec-7" daemon [_thread_blocked, id=2124, stack(0x000000a386600000,0x000000a386700000)]
  0x0000024b3a9d9f00 JavaThread "http-nio-8080-exec-8" daemon [_thread_blocked, id=6104, stack(0x000000a386700000,0x000000a386800000)]
  0x0000024b3a9de0d0 JavaThread "http-nio-8080-exec-9" daemon [_thread_blocked, id=6448, stack(0x000000a386800000,0x000000a386900000)]
  0x0000024b3a9dc780 JavaThread "http-nio-8080-exec-10" daemon [_thread_blocked, id=3496, stack(0x000000a386900000,0x000000a386a00000)]
  0x0000024b3a9dbd60 JavaThread "http-nio-8080-Poller" daemon [_thread_in_native, id=1328, stack(0x000000a386a00000,0x000000a386b00000)]
  0x0000024b3a9d99f0 JavaThread "http-nio-8080-Acceptor" daemon [_thread_in_native, id=6964, stack(0x000000a386b00000,0x000000a386c00000)]
  0x0000024b3a9deaf0 JavaThread "DestroyJavaVM" [_thread_blocked, id=4132, stack(0x000000a383800000,0x000000a383900000)]

Other Threads:
  0x0000024b33fc3c30 VMThread "VM Thread" [stack: 0x000000a383e00000,0x000000a383f00000] [id=6508]
  0x0000024b25fc2c70 WatcherThread [stack: 0x000000a385100000,0x000000a385200000] [id=3064]
  0x0000024b2600ea30 GCTaskThread "GC Thread#0" [stack: 0x000000a383900000,0x000000a383a00000] [id=6688]
  0x0000024b3455ca90 GCTaskThread "GC Thread#1" [stack: 0x000000a384c00000,0x000000a384d00000] [id=5444]
  0x0000024b2601c0d0 ConcurrentGCThread "G1 Main Marker" [stack: 0x000000a383a00000,0x000000a383b00000] [id=4116]
  0x0000024b2601d770 ConcurrentGCThread "G1 Conc#0" [stack: 0x000000a383b00000,0x000000a383c00000] [id=5124]
  0x0000024b33e80090 ConcurrentGCThread "G1 Refine#0" [stack: 0x000000a383c00000,0x000000a383d00000] [id=3308]
  0x0000024b33e81640 ConcurrentGCThread "G1 Service" [stack: 0x000000a383d00000,0x000000a383e00000] [id=2384]

Threads with active compile tasks:

VM state: not at safepoint (normal execution)

VM Mutex/Monitor currently owned by a thread: None

Heap address: 0x000000009be00000, size: 1602 MB, Compressed Oops mode: 32-bit

CDS archive(s) not mapped
Compressed class space mapped at: 0x0000000100000000-0x0000000140000000, reserved size: 1073741824
Narrow klass base: 0x0000000000000000, Narrow klass shift: 3, Narrow klass range: 0x140000000

GC Precious Log:
 CPUs: 2 total, 2 available
 Memory: 6403M
 Large Page Support: Disabled
 NUMA Support: Disabled
 Compressed Oops: Enabled (32-bit)
 Heap Region Size: 1M
 Heap Min Capacity: 8M
 Heap Initial Capacity: 102M
 Heap Max Capacity: 1602M
 Pre-touch: Disabled
 Parallel Workers: 2
 Concurrent Workers: 1
 Concurrent Refinement Workers: 2
 Periodic GC: Disabled

Heap:
 garbage-first heap   total 156672K, used 118772K [0x000000009be00000, 0x0000000100000000)
  region size 1024K, 13 young (13312K), 1 survivors (1024K)
 Metaspace       used 55716K, committed 56512K, reserved 1114112K
  class space    used 6757K, committed 7040K, reserved 1048576K

Heap Regions: E=young(eden), S=young(survivor), O=old, HS=humongous(starts), HC=humongous(continues), CS=collection set, F=free, OA=open archive, CA=closed archive, TAMS=top-at-mark-start (previous, next)
|   0|0x000000009be00000, 0x000000009bf00000, 0x000000009bf00000|100%|HS|  |TAMS 0x000000009bf00000, 0x000000009be00000| Complete 
|   1|0x000000009bf00000, 0x000000009bff2a00, 0x000000009c000000| 94%| O|  |TAMS 0x000000009bf4d200, 0x000000009bf00000| Untracked 
|   2|0x000000009c000000, 0x000000009c100000, 0x000000009c100000|100%| O|  |TAMS 0x000000009c100000, 0x000000009c000000| Untracked 
|   3|0x000000009c100000, 0x000000009c200000, 0x000000009c200000|100%| O|  |TAMS 0x000000009c200000, 0x000000009c100000| Untracked 
|   4|0x000000009c200000, 0x000000009c300000, 0x000000009c300000|100%| O|  |TAMS 0x000000009c300000, 0x000000009c200000| Untracked 
|   5|0x000000009c300000, 0x000000009c400000, 0x000000009c400000|100%| O|  |TAMS 0x000000009c400000, 0x000000009c300000| Untracked 
|   6|0x000000009c400000, 0x000000009c500000, 0x000000009c500000|100%| O|  |TAMS 0x000000009c500000, 0x000000009c400000| Untracked 
|   7|0x000000009c500000, 0x000000009c600000, 0x000000009c600000|100%| O|  |TAMS 0x000000009c600000, 0x000000009c500000| Untracked 
|   8|0x000000009c600000, 0x000000009c700000, 0x000000009c700000|100%| O|  |TAMS 0x000000009c700000, 0x000000009c600000| Untracked 
|   9|0x000000009c700000, 0x000000009c800000, 0x000000009c800000|100%| O|  |TAMS 0x000000009c800000, 0x000000009c700000| Untracked 
|  10|0x000000009c800000, 0x000000009c900000, 0x000000009c900000|100%| O|  |TAMS 0x000000009c900000, 0x000000009c800000| Untracked 
|  11|0x000000009c900000, 0x000000009ca00000, 0x000000009ca00000|100%| O|  |TAMS 0x000000009ca00000, 0x000000009c900000| Untracked 
|  12|0x000000009ca00000, 0x000000009cb00000, 0x000000009cb00000|100%| O|  |TAMS 0x000000009cb00000, 0x000000009ca00000| Untracked 
|  13|0x000000009cb00000, 0x000000009cb00000, 0x000000009cc00000|  0%| F|  |TAMS 0x000000009cb00000, 0x000000009cb00000| Untracked 
|  14|0x000000009cc00000, 0x000000009cd00000, 0x000000009cd00000|100%|HS|  |TAMS 0x000000009cd00000, 0x000000009cc00000| Complete 
|  15|0x000000009cd00000, 0x000000009ce00000, 0x000000009ce00000|100%| O|  |TAMS 0x000000009ce00000, 0x000000009cd00000| Untracked 
|  16|0x000000009ce00000, 0x000000009cf00000, 0x000000009cf00000|100%| O|  |TAMS 0x000000009cf00000, 0x000000009ce00000| Untracked 
|  17|0x000000009cf00000, 0x000000009d000000, 0x000000009d000000|100%| O|  |TAMS 0x000000009d000000, 0x000000009cf00000| Untracked 
|  18|0x000000009d000000, 0x000000009d100000, 0x000000009d100000|100%| O|  |TAMS 0x000000009d100000, 0x000000009d000000| Untracked 
|  19|0x000000009d100000, 0x000000009d200000, 0x000000009d200000|100%| O|  |TAMS 0x000000009d200000, 0x000000009d100000| Untracked 
|  20|0x000000009d200000, 0x000000009d300000, 0x000000009d300000|100%| O|  |TAMS 0x000000009d300000, 0x000000009d200000| Untracked 
|  21|0x000000009d300000, 0x000000009d400000, 0x000000009d400000|100%| O|  |TAMS 0x000000009d400000, 0x000000009d300000| Untracked 
|  22|0x000000009d400000, 0x000000009d400000, 0x000000009d500000|  0%| F|  |TAMS 0x000000009d400000, 0x000000009d400000| Untracked 
|  23|0x000000009d500000, 0x000000009d600000, 0x000000009d600000|100%| O|  |TAMS 0x000000009d600000, 0x000000009d500000| Untracked 
|  24|0x000000009d600000, 0x000000009d700000, 0x000000009d700000|100%| O|  |TAMS 0x000000009d700000, 0x000000009d600000| Untracked 
|  25|0x000000009d700000, 0x000000009d800000, 0x000000009d800000|100%| O|  |TAMS 0x000000009d800000, 0x000000009d700000| Untracked 
|  26|0x000000009d800000, 0x000000009d800000, 0x000000009d900000|  0%| F|  |TAMS 0x000000009d800000, 0x000000009d800000| Untracked 
|  27|0x000000009d900000, 0x000000009da00000, 0x000000009da00000|100%| O|  |TAMS 0x000000009da00000, 0x000000009d900000| Untracked 
|  28|0x000000009da00000, 0x000000009db00000, 0x000000009db00000|100%| O|  |TAMS 0x000000009db00000, 0x000000009da00000| Untracked 
|  29|0x000000009db00000, 0x000000009dc00000, 0x000000009dc00000|100%| O|  |TAMS 0x000000009dc00000, 0x000000009db00000| Untracked 
|  30|0x000000009dc00000, 0x000000009dd00000, 0x000000009dd00000|100%| O|  |TAMS 0x000000009dd00000, 0x000000009dc00000| Untracked 
|  31|0x000000009dd00000, 0x000000009de00000, 0x000000009de00000|100%| O|  |TAMS 0x000000009de00000, 0x000000009dd00000| Untracked 
|  32|0x000000009de00000, 0x000000009de00000, 0x000000009df00000|  0%| F|  |TAMS 0x000000009de00000, 0x000000009de00000| Untracked 
|  33|0x000000009df00000, 0x000000009df00000, 0x000000009e000000|  0%| F|  |TAMS 0x000000009df00000, 0x000000009df00000| Untracked 
|  34|0x000000009e000000, 0x000000009e000000, 0x000000009e100000|  0%| F|  |TAMS 0x000000009e000000, 0x000000009e000000| Untracked 
|  35|0x000000009e100000, 0x000000009e200000, 0x000000009e200000|100%| O|  |TAMS 0x000000009e200000, 0x000000009e100000| Untracked 
|  36|0x000000009e200000, 0x000000009e300000, 0x000000009e300000|100%| O|  |TAMS 0x000000009e300000, 0x000000009e200000| Untracked 
|  37|0x000000009e300000, 0x000000009e400000, 0x000000009e400000|100%| O|  |TAMS 0x000000009e400000, 0x000000009e300000| Untracked 
|  38|0x000000009e400000, 0x000000009e500000, 0x000000009e500000|100%| O|  |TAMS 0x000000009e500000, 0x000000009e400000| Untracked 
|  39|0x000000009e500000, 0x000000009e500000, 0x000000009e600000|  0%| F|  |TAMS 0x000000009e500000, 0x000000009e500000| Untracked 
|  40|0x000000009e600000, 0x000000009e600000, 0x000000009e700000|  0%| F|  |TAMS 0x000000009e600000, 0x000000009e600000| Untracked 
|  41|0x000000009e700000, 0x000000009e700000, 0x000000009e800000|  0%| F|  |TAMS 0x000000009e700000, 0x000000009e700000| Untracked 
|  42|0x000000009e800000, 0x000000009e800000, 0x000000009e900000|  0%| F|  |TAMS 0x000000009e800000, 0x000000009e800000| Untracked 
|  43|0x000000009e900000, 0x000000009e900000, 0x000000009ea00000|  0%| F|  |TAMS 0x000000009e900000, 0x000000009e900000| Untracked 
|  44|0x000000009ea00000, 0x000000009ea00000, 0x000000009eb00000|  0%| F|  |TAMS 0x000000009ea00000, 0x000000009ea00000| Untracked 
|  45|0x000000009eb00000, 0x000000009eb00000, 0x000000009ec00000|  0%| F|  |TAMS 0x000000009eb00000, 0x000000009eb00000| Untracked 
|  46|0x000000009ec00000, 0x000000009ec00000, 0x000000009ed00000|  0%| F|  |TAMS 0x000000009ec00000, 0x000000009ec00000| Untracked 
|  47|0x000000009ed00000, 0x000000009ed00000, 0x000000009ee00000|  0%| F|  |TAMS 0x000000009ed00000, 0x000000009ed00000| Untracked 
|  48|0x000000009ee00000, 0x000000009ee00000, 0x000000009ef00000|  0%| F|  |TAMS 0x000000009ee00000, 0x000000009ee00000| Untracked 
|  49|0x000000009ef00000, 0x000000009ef00000, 0x000000009f000000|  0%| F|  |TAMS 0x000000009ef00000, 0x000000009ef00000| Untracked 
|  50|0x000000009f000000, 0x000000009f000000, 0x000000009f100000|  0%| F|  |TAMS 0x000000009f000000, 0x000000009f000000| Untracked 
|  51|0x000000009f100000, 0x000000009f100000, 0x000000009f200000|  0%| F|  |TAMS 0x000000009f100000, 0x000000009f100000| Untracked 
|  52|0x000000009f200000, 0x000000009f200000, 0x000000009f300000|  0%| F|  |TAMS 0x000000009f200000, 0x000000009f200000| Untracked 
|  53|0x000000009f300000, 0x000000009f300000, 0x000000009f400000|  0%| F|  |TAMS 0x000000009f300000, 0x000000009f300000| Untracked 
|  54|0x000000009f400000, 0x000000009f400000, 0x000000009f500000|  0%| F|  |TAMS 0x000000009f400000, 0x000000009f400000| Untracked 
|  55|0x000000009f500000, 0x000000009f600000, 0x000000009f600000|100%|HS|  |TAMS 0x000000009f600000, 0x000000009f500000| Complete 
|  56|0x000000009f600000, 0x000000009f700000, 0x000000009f700000|100%|HC|  |TAMS 0x000000009f700000, 0x000000009f600000| Complete 
|  57|0x000000009f700000, 0x000000009f800000, 0x000000009f800000|100%|HC|  |TAMS 0x000000009f800000, 0x000000009f700000| Complete 
|  58|0x000000009f800000, 0x000000009f900000, 0x000000009f900000|100%|HC|  |TAMS 0x000000009f900000, 0x000000009f800000| Complete 
|  59|0x000000009f900000, 0x000000009fa00000, 0x000000009fa00000|100%|HC|  |TAMS 0x000000009fa00000, 0x000000009f900000| Complete 
|  60|0x000000009fa00000, 0x000000009fb00000, 0x000000009fb00000|100%|HC|  |TAMS 0x000000009fb00000, 0x000000009fa00000| Complete 
|  61|0x000000009fb00000, 0x000000009fc00000, 0x000000009fc00000|100%|HC|  |TAMS 0x000000009fc00000, 0x000000009fb00000| Complete 
|  62|0x000000009fc00000, 0x000000009fd00000, 0x000000009fd00000|100%|HC|  |TAMS 0x000000009fd00000, 0x000000009fc00000| Complete 
|  63|0x000000009fd00000, 0x000000009fe00000, 0x000000009fe00000|100%|HC|  |TAMS 0x000000009fe00000, 0x000000009fd00000| Complete 
|  64|0x000000009fe00000, 0x000000009ff00000, 0x000000009ff00000|100%|HC|  |TAMS 0x000000009ff00000, 0x000000009fe00000| Complete 
|  65|0x000000009ff00000, 0x00000000a0000000, 0x00000000a0000000|100%|HC|  |TAMS 0x00000000a0000000, 0x000000009ff00000| Complete 
|  66|0x00000000a0000000, 0x00000000a0100000, 0x00000000a0100000|100%|HC|  |TAMS 0x00000000a0100000, 0x00000000a0000000| Complete 
|  67|0x00000000a0100000, 0x00000000a0200000, 0x00000000a0200000|100%|HC|  |TAMS 0x00000000a0200000, 0x00000000a0100000| Complete 
|  68|0x00000000a0200000, 0x00000000a0300000, 0x00000000a0300000|100%|HC|  |TAMS 0x00000000a0300000, 0x00000000a0200000| Complete 
|  69|0x00000000a0300000, 0x00000000a0400000, 0x00000000a0400000|100%|HC|  |TAMS 0x00000000a0400000, 0x00000000a0300000| Complete 
|  70|0x00000000a0400000, 0x00000000a0500000, 0x00000000a0500000|100%|HC|  |TAMS 0x00000000a0500000, 0x00000000a0400000| Complete 
|  71|0x00000000a0500000, 0x00000000a0600000, 0x00000000a0600000|100%|HC|  |TAMS 0x00000000a0600000, 0x00000000a0500000| Complete 
|  72|0x00000000a0600000, 0x00000000a0700000, 0x00000000a0700000|100%|HC|  |TAMS 0x00000000a0700000, 0x00000000a0600000| Complete 
|  73|0x00000000a0700000, 0x00000000a0800000, 0x00000000a0800000|100%|HC|  |TAMS 0x00000000a0800000, 0x00000000a0700000| Complete 
|  74|0x00000000a0800000, 0x00000000a0900000, 0x00000000a0900000|100%|HC|  |TAMS 0x00000000a0900000, 0x00000000a0800000| Complete 
|  75|0x00000000a0900000, 0x00000000a0a00000, 0x00000000a0a00000|100%|HC|  |TAMS 0x00000000a0a00000, 0x00000000a0900000| Complete 
|  76|0x00000000a0a00000, 0x00000000a0b00000, 0x00000000a0b00000|100%|HC|  |TAMS 0x00000000a0b00000, 0x00000000a0a00000| Complete 
|  77|0x00000000a0b00000, 0x00000000a0c00000, 0x00000000a0c00000|100%|HC|  |TAMS 0x00000000a0c00000, 0x00000000a0b00000| Complete 
|  78|0x00000000a0c00000, 0x00000000a0d00000, 0x00000000a0d00000|100%|HC|  |TAMS 0x00000000a0d00000, 0x00000000a0c00000| Complete 
|  79|0x00000000a0d00000, 0x00000000a0e00000, 0x00000000a0e00000|100%|HC|  |TAMS 0x00000000a0e00000, 0x00000000a0d00000| Complete 
|  80|0x00000000a0e00000, 0x00000000a0f00000, 0x00000000a0f00000|100%|HC|  |TAMS 0x00000000a0f00000, 0x00000000a0e00000| Complete 
|  81|0x00000000a0f00000, 0x00000000a1000000, 0x00000000a1000000|100%|HC|  |TAMS 0x00000000a1000000, 0x00000000a0f00000| Complete 
|  82|0x00000000a1000000, 0x00000000a1100000, 0x00000000a1100000|100%|HC|  |TAMS 0x00000000a1100000, 0x00000000a1000000| Complete 
|  83|0x00000000a1100000, 0x00000000a1200000, 0x00000000a1200000|100%|HC|  |TAMS 0x00000000a1200000, 0x00000000a1100000| Complete 
|  84|0x00000000a1200000, 0x00000000a1300000, 0x00000000a1300000|100%|HC|  |TAMS 0x00000000a1300000, 0x00000000a1200000| Complete 
|  85|0x00000000a1300000, 0x00000000a1400000, 0x00000000a1400000|100%|HC|  |TAMS 0x00000000a1400000, 0x00000000a1300000| Complete 
|  86|0x00000000a1400000, 0x00000000a1500000, 0x00000000a1500000|100%|HC|  |TAMS 0x00000000a1500000, 0x00000000a1400000| Complete 
|  87|0x00000000a1500000, 0x00000000a1600000, 0x00000000a1600000|100%|HC|  |TAMS 0x00000000a1600000, 0x00000000a1500000| Complete 
|  88|0x00000000a1600000, 0x00000000a1700000, 0x00000000a1700000|100%|HC|  |TAMS 0x00000000a1700000, 0x00000000a1600000| Complete 
|  89|0x00000000a1700000, 0x00000000a1700000, 0x00000000a1800000|  0%| F|  |TAMS 0x00000000a1700000, 0x00000000a1700000| Untracked 
|  90|0x00000000a1800000, 0x00000000a1900000, 0x00000000a1900000|100%|HS|  |TAMS 0x00000000a1800000, 0x00000000a1800000| Complete 
|  91|0x00000000a1900000, 0x00000000a1a00000, 0x00000000a1a00000|100%|HC|  |TAMS 0x00000000a1900000, 0x00000000a1900000| Complete 
|  92|0x00000000a1a00000, 0x00000000a1b00000, 0x00000000a1b00000|100%|HC|  |TAMS 0x00000000a1a00000, 0x00000000a1a00000| Complete 
|  93|0x00000000a1b00000, 0x00000000a1c00000, 0x00000000a1c00000|100%|HC|  |TAMS 0x00000000a1b00000, 0x00000000a1b00000| Complete 
|  94|0x00000000a1c00000, 0x00000000a1d00000, 0x00000000a1d00000|100%|HC|  |TAMS 0x00000000a1c00000, 0x00000000a1c00000| Complete 
|  95|0x00000000a1d00000, 0x00000000a1e00000, 0x00000000a1e00000|100%|HC|  |TAMS 0x00000000a1d00000, 0x00000000a1d00000| Complete 
|  96|0x00000000a1e00000, 0x00000000a1f00000, 0x00000000a1f00000|100%|HC|  |TAMS 0x00000000a1e00000, 0x00000000a1e00000| Complete 
|  97|0x00000000a1f00000, 0x00000000a2000000, 0x00000000a2000000|100%|HC|  |TAMS 0x00000000a1f00000, 0x00000000a1f00000| Complete 
|  98|0x00000000a2000000, 0x00000000a2100000, 0x00000000a2100000|100%|HC|  |TAMS 0x00000000a2000000, 0x00000000a2000000| Complete 
|  99|0x00000000a2100000, 0x00000000a2200000, 0x00000000a2200000|100%|HC|  |TAMS 0x00000000a2100000, 0x00000000a2100000| Complete 
| 100|0x00000000a2200000, 0x00000000a2300000, 0x00000000a2300000|100%|HC|  |TAMS 0x00000000a2200000, 0x00000000a2200000| Complete 
| 101|0x00000000a2300000, 0x00000000a2400000, 0x00000000a2400000|100%|HC|  |TAMS 0x00000000a2300000, 0x00000000a2300000| Complete 
| 102|0x00000000a2400000, 0x00000000a2500000, 0x00000000a2500000|100%|HC|  |TAMS 0x00000000a2400000, 0x00000000a2400000| Complete 
| 103|0x00000000a2500000, 0x00000000a2600000, 0x00000000a2600000|100%|HC|  |TAMS 0x00000000a2500000, 0x00000000a2500000| Complete 
| 104|0x00000000a2600000, 0x00000000a2700000, 0x00000000a2700000|100%|HC|  |TAMS 0x00000000a2600000, 0x00000000a2600000| Complete 
| 105|0x00000000a2700000, 0x00000000a2800000, 0x00000000a2800000|100%|HC|  |TAMS 0x00000000a2700000, 0x00000000a2700000| Complete 
| 106|0x00000000a2800000, 0x00000000a2900000, 0x00000000a2900000|100%|HC|  |TAMS 0x00000000a2800000, 0x00000000a2800000| Complete 
| 107|0x00000000a2900000, 0x00000000a2a00000, 0x00000000a2a00000|100%|HC|  |TAMS 0x00000000a2900000, 0x00000000a2900000| Complete 
| 108|0x00000000a2a00000, 0x00000000a2b00000, 0x00000000a2b00000|100%|HC|  |TAMS 0x00000000a2a00000, 0x00000000a2a00000| Complete 
| 109|0x00000000a2b00000, 0x00000000a2c00000, 0x00000000a2c00000|100%|HC|  |TAMS 0x00000000a2b00000, 0x00000000a2b00000| Complete 
| 110|0x00000000a2c00000, 0x00000000a2d00000, 0x00000000a2d00000|100%|HC|  |TAMS 0x00000000a2c00000, 0x00000000a2c00000| Complete 
| 111|0x00000000a2d00000, 0x00000000a2e00000, 0x00000000a2e00000|100%|HC|  |TAMS 0x00000000a2d00000, 0x00000000a2d00000| Complete 
| 112|0x00000000a2e00000, 0x00000000a2f00000, 0x00000000a2f00000|100%|HC|  |TAMS 0x00000000a2e00000, 0x00000000a2e00000| Complete 
| 113|0x00000000a2f00000, 0x00000000a3000000, 0x00000000a3000000|100%|HC|  |TAMS 0x00000000a2f00000, 0x00000000a2f00000| Complete 
| 114|0x00000000a3000000, 0x00000000a3100000, 0x00000000a3100000|100%|HC|  |TAMS 0x00000000a3000000, 0x00000000a3000000| Complete 
| 115|0x00000000a3100000, 0x00000000a3200000, 0x00000000a3200000|100%|HC|  |TAMS 0x00000000a3100000, 0x00000000a3100000| Complete 
| 116|0x00000000a3200000, 0x00000000a3300000, 0x00000000a3300000|100%|HC|  |TAMS 0x00000000a3200000, 0x00000000a3200000| Complete 
| 117|0x00000000a3300000, 0x00000000a3400000, 0x00000000a3400000|100%|HC|  |TAMS 0x00000000a3300000, 0x00000000a3300000| Complete 
| 118|0x00000000a3400000, 0x00000000a3500000, 0x00000000a3500000|100%|HC|  |TAMS 0x00000000a3400000, 0x00000000a3400000| Complete 
| 119|0x00000000a3500000, 0x00000000a3600000, 0x00000000a3600000|100%|HC|  |TAMS 0x00000000a3500000, 0x00000000a3500000| Complete 
| 120|0x00000000a3600000, 0x00000000a3700000, 0x00000000a3700000|100%|HC|  |TAMS 0x00000000a3600000, 0x00000000a3600000| Complete 
| 121|0x00000000a3700000, 0x00000000a3800000, 0x00000000a3800000|100%|HC|  |TAMS 0x00000000a3700000, 0x00000000a3700000| Complete 
| 122|0x00000000a3800000, 0x00000000a3900000, 0x00000000a3900000|100%|HC|  |TAMS 0x00000000a3800000, 0x00000000a3800000| Complete 
| 123|0x00000000a3900000, 0x00000000a3a00000, 0x00000000a3a00000|100%|HC|  |TAMS 0x00000000a3900000, 0x00000000a3900000| Complete 
| 124|0x00000000a3a00000, 0x00000000a3a00000, 0x00000000a3b00000|  0%| F|  |TAMS 0x00000000a3a00000, 0x00000000a3a00000| Untracked 
| 125|0x00000000a3b00000, 0x00000000a3b00000, 0x00000000a3c00000|  0%| F|  |TAMS 0x00000000a3b00000, 0x00000000a3b00000| Untracked 
| 126|0x00000000a3c00000, 0x00000000a3c00000, 0x00000000a3d00000|  0%| F|  |TAMS 0x00000000a3c00000, 0x00000000a3c00000| Untracked 
| 127|0x00000000a3d00000, 0x00000000a3d00000, 0x00000000a3e00000|  0%| F|  |TAMS 0x00000000a3d00000, 0x00000000a3d00000| Untracked 
| 128|0x00000000a3e00000, 0x00000000a3e00000, 0x00000000a3f00000|  0%| F|  |TAMS 0x00000000a3e00000, 0x00000000a3e00000| Untracked 
| 129|0x00000000a3f00000, 0x00000000a3f00000, 0x00000000a4000000|  0%| F|  |TAMS 0x00000000a3f00000, 0x00000000a3f00000| Untracked 
| 130|0x00000000a4000000, 0x00000000a4000000, 0x00000000a4100000|  0%| F|  |TAMS 0x00000000a4000000, 0x00000000a4000000| Untracked 
| 131|0x00000000a4100000, 0x00000000a4100000, 0x00000000a4200000|  0%| F|  |TAMS 0x00000000a4100000, 0x00000000a4100000| Untracked 
| 132|0x00000000a4200000, 0x00000000a4200000, 0x00000000a4300000|  0%| F|  |TAMS 0x00000000a4200000, 0x00000000a4200000| Untracked 
| 133|0x00000000a4300000, 0x00000000a4300000, 0x00000000a4400000|  0%| F|  |TAMS 0x00000000a4300000, 0x00000000a4300000| Untracked 
| 134|0x00000000a4400000, 0x00000000a4400000, 0x00000000a4500000|  0%| F|  |TAMS 0x00000000a4400000, 0x00000000a4400000| Untracked 
| 135|0x00000000a4500000, 0x00000000a4500000, 0x00000000a4600000|  0%| F|  |TAMS 0x00000000a4500000, 0x00000000a4500000| Untracked 
| 136|0x00000000a4600000, 0x00000000a46a2040, 0x00000000a4700000| 63%| E|  |TAMS 0x00000000a4600000, 0x00000000a4600000| Complete 
| 137|0x00000000a4700000, 0x00000000a4800000, 0x00000000a4800000|100%| E|CS|TAMS 0x00000000a4700000, 0x00000000a4700000| Complete 
| 138|0x00000000a4800000, 0x00000000a4900000, 0x00000000a4900000|100%| E|CS|TAMS 0x00000000a4800000, 0x00000000a4800000| Complete 
| 139|0x00000000a4900000, 0x00000000a4a00000, 0x00000000a4a00000|100%| E|CS|TAMS 0x00000000a4900000, 0x00000000a4900000| Complete 
| 140|0x00000000a4a00000, 0x00000000a4b00000, 0x00000000a4b00000|100%| E|CS|TAMS 0x00000000a4a00000, 0x00000000a4a00000| Complete 
| 141|0x00000000a4b00000, 0x00000000a4c00000, 0x00000000a4c00000|100%| E|CS|TAMS 0x00000000a4b00000, 0x00000000a4b00000| Complete 
| 142|0x00000000a4c00000, 0x00000000a4c0a890, 0x00000000a4d00000|  4%| S|CS|TAMS 0x00000000a4c00000, 0x00000000a4c00000| Complete 
| 143|0x00000000a4d00000, 0x00000000a4e00000, 0x00000000a4e00000|100%| E|CS|TAMS 0x00000000a4d00000, 0x00000000a4d00000| Complete 
| 144|0x00000000a4e00000, 0x00000000a4f00000, 0x00000000a4f00000|100%| E|CS|TAMS 0x00000000a4e00000, 0x00000000a4e00000| Complete 
| 145|0x00000000a4f00000, 0x00000000a5000000, 0x00000000a5000000|100%| E|CS|TAMS 0x00000000a4f00000, 0x00000000a4f00000| Complete 
| 146|0x00000000a5000000, 0x00000000a5100000, 0x00000000a5100000|100%| E|CS|TAMS 0x00000000a5000000, 0x00000000a5000000| Complete 
| 147|0x00000000a5100000, 0x00000000a5200000, 0x00000000a5200000|100%| E|CS|TAMS 0x00000000a5100000, 0x00000000a5100000| Complete 
| 148|0x00000000a5200000, 0x00000000a5300000, 0x00000000a5300000|100%| E|CS|TAMS 0x00000000a5200000, 0x00000000a5200000| Complete 
|1598|0x00000000ffc00000, 0x00000000ffd00000, 0x00000000ffd00000|100%| O|  |TAMS 0x00000000ffd00000, 0x00000000ffc00000| Untracked 
|1599|0x00000000ffd00000, 0x00000000ffe00000, 0x00000000ffe00000|100%| O|  |TAMS 0x00000000ffe00000, 0x00000000ffd00000| Untracked 
|1600|0x00000000ffe00000, 0x00000000fff00000, 0x00000000fff00000|100%| O|  |TAMS 0x00000000fff00000, 0x00000000ffe00000| Untracked 
|1601|0x00000000fff00000, 0x0000000100000000, 0x0000000100000000|100%| O|  |TAMS 0x0000000100000000, 0x00000000fff00000| Untracked 

Card table byte_map: [0x0000024b2e390000,0x0000024b2e6c0000] _byte_map_base: 0x0000024b2deb1000

Marking Bits (Prev, Next): (CMBitMap*) 0x0000024b2600efa0, (CMBitMap*) 0x0000024b2600ef60
 Prev Bits: [0x0000024b30300000, 0x0000024b31c08000)
 Next Bits: [0x0000024b2e9f0000, 0x0000024b302f8000)

Polling page: 0x0000024b26070000

Metaspace:

Usage:
  Non-class:     47.81 MB used.
      Class:      6.60 MB used.
       Both:     54.41 MB used.

Virtual space:
  Non-class space:       64.00 MB reserved,      48.31 MB ( 75%) committed,  1 nodes.
      Class space:        1.00 GB reserved,       6.88 MB ( <1%) committed,  1 nodes.
             Both:        1.06 GB reserved,      55.19 MB (  5%) committed. 

Chunk freelists:
   Non-Class:  15.87 MB
       Class:  9.13 MB
        Both:  25.00 MB

MaxMetaspaceSize: unlimited
CompressedClassSpaceSize: 1.00 GB
Initial GC threshold: 21.00 MB
Current GC threshold: 91.81 MB
CDS: off
MetaspaceReclaimPolicy: balanced
 - commit_granule_bytes: 65536.
 - commit_granule_words: 8192.
 - virtual_space_node_default_size: 8388608.
 - enlarge_chunks_in_place: 1.
 - new_chunks_are_fully_committed: 0.
 - uncommit_free_chunks: 1.
 - use_allocation_guard: 0.
 - handle_deallocations: 1.


Internal statistics:

num_allocs_failed_limit: 6.
num_arena_births: 682.
num_arena_deaths: 262.
num_vsnodes_births: 2.
num_vsnodes_deaths: 0.
num_space_committed: 878.
num_space_uncommitted: 0.
num_chunks_returned_to_freelist: 318.
num_chunks_taken_from_freelist: 2203.
num_chunk_merges: 110.
num_chunk_splits: 1570.
num_chunks_enlarged: 1200.
num_inconsistent_stats: 0.

CodeCache: size=49152Kb used=8917Kb max_used=9117Kb free=40234Kb
 bounds [0x0000024b2ade0000, 0x0000024b2b6d0000, 0x0000024b2dde0000]
 total_blobs=5173 nmethods=4485 adapters=615
 compilation: enabled
              stopped_count=0, restarted_count=0
 full_count=0

Compilation events (20 events):
Event: 232.366 Thread 0x0000024b34165c80 4476       1       java.util.concurrent.ScheduledThreadPoolExecutor$DelayedWorkQueue::finishPoll (43 bytes)
Event: 232.377 Thread 0x0000024b34165c80 nmethod 4476 0x0000024b2af4f210 code [0x0000024b2af4f3c0, 0x0000024b2af4f5e8]
Event: 232.377 Thread 0x0000024b34165c80 4478   !   1       java.util.concurrent.FutureTask::runAndReset (125 bytes)
Event: 232.400 Thread 0x0000024b34165c80 nmethod 4478 0x0000024b2af4df90 code [0x0000024b2af4e220, 0x0000024b2af4eb98]
Event: 233.361 Thread 0x0000024b34165c80 4479       1       java.util.concurrent.ScheduledThreadPoolExecutor$ScheduledFutureTask::run (57 bytes)
Event: 233.364 Thread 0x0000024b34165c80 nmethod 4479 0x0000024b2af4da10 code [0x0000024b2af4dc00, 0x0000024b2af4de38]
Event: 233.364 Thread 0x0000024b34165c80 4480       1       java.util.concurrent.ScheduledThreadPoolExecutor$ScheduledFutureTask::isPeriodic (15 bytes)
Event: 233.364 Thread 0x0000024b34165c80 nmethod 4480 0x0000024b2af4d710 code [0x0000024b2af4d8a0, 0x0000024b2af4d998]
Event: 233.364 Thread 0x0000024b34165c80 4481       1       java.util.concurrent.Executors$RunnableAdapter::call (14 bytes)
Event: 233.365 Thread 0x0000024b34165c80 nmethod 4481 0x0000024b2af4d410 code [0x0000024b2af4d5a0, 0x0000024b2af4d6a8]
Event: 245.851 Thread 0x0000024b34165c80 4482       1       java.util.concurrent.locks.ReentrantReadWriteLock$Sync::tryAcquireShared (177 bytes)
Event: 245.854 Thread 0x0000024b34165c80 nmethod 4482 0x0000024b2af4be90 code [0x0000024b2af4c0a0, 0x0000024b2af4c708]
Event: 245.855 Thread 0x0000024b34165c80 4483       1       java.util.concurrent.locks.ReentrantReadWriteLock$Sync::sharedCount (5 bytes)
Event: 245.855 Thread 0x0000024b34165c80 nmethod 4483 0x0000024b2af4bb90 code [0x0000024b2af4bd20, 0x0000024b2af4bdd8]
Event: 245.855 Thread 0x0000024b34165c80 4484       1       java.util.concurrent.locks.ReentrantReadWriteLock$ReadLock::unlock (10 bytes)
Event: 245.856 Thread 0x0000024b34165c80 nmethod 4484 0x0000024b2af4b790 code [0x0000024b2af4b940, 0x0000024b2af4ba98]
Event: 245.856 Thread 0x0000024b34165c80 4485       1       java.util.concurrent.locks.ReentrantReadWriteLock$Sync::tryReleaseShared (146 bytes)
Event: 245.858 Thread 0x0000024b34165c80 nmethod 4485 0x0000024b2af4ad90 code [0x0000024b2af4af80, 0x0000024b2af4b3c8]
Event: 251.314 Thread 0x0000024b34165c80 4486       1       sun.nio.ch.SocketDispatcher::read (8 bytes)
Event: 251.314 Thread 0x0000024b34165c80 nmethod 4486 0x0000024b2af4a690 code [0x0000024b2af4a820, 0x0000024b2af4a928]

GC Heap History (20 events):
Event: 200.265 GC heap before
{Heap before GC invocations=23 (full 0):
 garbage-first heap   total 86016K, used 67031K [0x000000009be00000, 0x0000000100000000)
  region size 1024K, 31 young (31744K), 4 survivors (4096K)
 Metaspace       used 52196K, committed 52672K, reserved 1114112K
  class space    used 6444K, committed 6656K, reserved 1048576K
}
Event: 200.296 GC heap after
{Heap after GC invocations=24 (full 0):
 garbage-first heap   total 86016K, used 37712K [0x000000009be00000, 0x0000000100000000)
  region size 1024K, 3 young (3072K), 3 survivors (3072K)
 Metaspace       used 52196K, committed 52672K, reserved 1114112K
  class space    used 6444K, committed 6656K, reserved 1048576K
}
Event: 222.101 GC heap before
{Heap before GC invocations=24 (full 0):
 garbage-first heap   total 86016K, used 64336K [0x000000009be00000, 0x0000000100000000)
  region size 1024K, 28 young (28672K), 3 survivors (3072K)
 Metaspace       used 55916K, committed 56384K, reserved 1114112K
  class space    used 6812K, committed 7040K, reserved 1048576K
}
Event: 222.121 GC heap after
{Heap after GC invocations=25 (full 0):
 garbage-first heap   total 86016K, used 39761K [0x000000009be00000, 0x0000000100000000)
  region size 1024K, 2 young (2048K), 2 survivors (2048K)
 Metaspace       used 55916K, committed 56384K, reserved 1114112K
  class space    used 6812K, committed 7040K, reserved 1048576K
}
Event: 226.655 GC heap before
{Heap before GC invocations=26 (full 0):
 garbage-first heap   total 130048K, used 98129K [0x000000009be00000, 0x0000000100000000)
  region size 1024K, 26 young (26624K), 2 survivors (2048K)
 Metaspace       used 55614K, committed 56384K, reserved 1114112K
  class space    used 6746K, committed 7040K, reserved 1048576K
}
Event: 226.676 GC heap after
{Heap after GC invocations=27 (full 0):
 garbage-first heap   total 130048K, used 74715K [0x000000009be00000, 0x0000000100000000)
  region size 1024K, 2 young (2048K), 2 survivors (2048K)
 Metaspace       used 55614K, committed 56384K, reserved 1114112K
  class space    used 6746K, committed 7040K, reserved 1048576K
}
Event: 226.814 GC heap before
{Heap before GC invocations=27 (full 0):
 garbage-first heap   total 130048K, used 77787K [0x000000009be00000, 0x0000000100000000)
  region size 1024K, 6 young (6144K), 2 survivors (2048K)
 Metaspace       used 55614K, committed 56384K, reserved 1114112K
  class space    used 6746K, committed 7040K, reserved 1048576K
}
Event: 226.828 GC heap after
{Heap after GC invocations=28 (full 0):
 garbage-first heap   total 130048K, used 74520K [0x000000009be00000, 0x0000000100000000)
  region size 1024K, 1 young (1024K), 1 survivors (1024K)
 Metaspace       used 55614K, committed 56384K, reserved 1114112K
  class space    used 6746K, committed 7040K, reserved 1048576K
}
Event: 230.049 GC heap before
{Heap before GC invocations=28 (full 0):
 garbage-first heap   total 130048K, used 109336K [0x000000009be00000, 0x0000000100000000)
  region size 1024K, 35 young (35840K), 1 survivors (1024K)
 Metaspace       used 55614K, committed 56384K, reserved 1114112K
  class space    used 6746K, committed 7040K, reserved 1048576K
}
Event: 230.061 GC heap after
{Heap after GC invocations=29 (full 0):
 garbage-first heap   total 130048K, used 74314K [0x000000009be00000, 0x0000000100000000)
  region size 1024K, 1 young (1024K), 1 survivors (1024K)
 Metaspace       used 55614K, committed 56384K, reserved 1114112K
  class space    used 6746K, committed 7040K, reserved 1048576K
}
Event: 232.492 GC heap before
{Heap before GC invocations=30 (full 0):
 garbage-first heap   total 130048K, used 110154K [0x000000009be00000, 0x0000000100000000)
  region size 1024K, 36 young (36864K), 1 survivors (1024K)
 Metaspace       used 55611K, committed 56384K, reserved 1114112K
  class space    used 6745K, committed 7040K, reserved 1048576K
}
Event: 232.504 GC heap after
{Heap after GC invocations=31 (full 0):
 garbage-first heap   total 130048K, used 74279K [0x000000009be00000, 0x0000000100000000)
  region size 1024K, 1 young (1024K), 1 survivors (1024K)
 Metaspace       used 55611K, committed 56384K, reserved 1114112K
  class space    used 6745K, committed 7040K, reserved 1048576K
}
Event: 233.308 GC heap before
{Heap before GC invocations=31 (full 0):
 garbage-first heap   total 130048K, used 79399K [0x000000009be00000, 0x0000000100000000)
  region size 1024K, 6 young (6144K), 1 survivors (1024K)
 Metaspace       used 55611K, committed 56384K, reserved 1114112K
  class space    used 6745K, committed 7040K, reserved 1048576K
}
Event: 233.335 GC heap after
{Heap after GC invocations=32 (full 0):
 garbage-first heap   total 130048K, used 73045K [0x000000009be00000, 0x0000000100000000)
  region size 1024K, 1 young (1024K), 1 survivors (1024K)
 Metaspace       used 55611K, committed 56384K, reserved 1114112K
  class space    used 6745K, committed 7040K, reserved 1048576K
}
Event: 236.446 GC heap before
{Heap before GC invocations=32 (full 0):
 garbage-first heap   total 130048K, used 110933K [0x000000009be00000, 0x0000000100000000)
  region size 1024K, 38 young (38912K), 1 survivors (1024K)
 Metaspace       used 55611K, committed 56384K, reserved 1114112K
  class space    used 6745K, committed 7040K, reserved 1048576K
}
Event: 236.460 GC heap after
{Heap after GC invocations=33 (full 0):
 garbage-first heap   total 156672K, used 73052K [0x000000009be00000, 0x0000000100000000)
  region size 1024K, 1 young (1024K), 1 survivors (1024K)
 Metaspace       used 55611K, committed 56384K, reserved 1114112K
  class space    used 6745K, committed 7040K, reserved 1048576K
}
Event: 240.844 GC heap before
{Heap before GC invocations=34 (full 0):
 garbage-first heap   total 156672K, used 133468K [0x000000009be00000, 0x0000000100000000)
  region size 1024K, 60 young (61440K), 1 survivors (1024K)
 Metaspace       used 55611K, committed 56384K, reserved 1114112K
  class space    used 6745K, committed 7040K, reserved 1048576K
}
Event: 240.856 GC heap after
{Heap after GC invocations=35 (full 0):
 garbage-first heap   total 156672K, used 73055K [0x000000009be00000, 0x0000000100000000)
  region size 1024K, 1 young (1024K), 1 survivors (1024K)
 Metaspace       used 55611K, committed 56384K, reserved 1114112K
  class space    used 6745K, committed 7040K, reserved 1048576K
}
Event: 241.456 GC heap before
{Heap before GC invocations=35 (full 0):
 garbage-first heap   total 156672K, used 114015K [0x000000009be00000, 0x0000000100000000)
  region size 1024K, 7 young (7168K), 1 survivors (1024K)
 Metaspace       used 55712K, committed 56512K, reserved 1114112K
  class space    used 6756K, committed 7040K, reserved 1048576K
}
Event: 241.470 GC heap after
{Heap after GC invocations=36 (full 0):
 garbage-first heap   total 156672K, used 107508K [0x000000009be00000, 0x0000000100000000)
  region size 1024K, 1 young (1024K), 1 survivors (1024K)
 Metaspace       used 55712K, committed 56512K, reserved 1114112K
  class space    used 6756K, committed 7040K, reserved 1048576K
}

Dll operation events (14 events):
Event: 0.315 Loaded shared library C:\Users\student\Desktop\spring-tool-suite-4-4.22.0.RELEASE-e4.31.0-win32.win32.x86_64.self-extracting\sts-4.22.0.RELEASE\plugins\org.eclipse.justj.openjdk.hotspot.jre.full.win32.x86_64_17.0.10.v20240120-1143\jre\bin\java.dll
Event: 2.580 Loaded shared library C:\Users\student\Desktop\spring-tool-suite-4-4.22.0.RELEASE-e4.31.0-win32.win32.x86_64.self-extracting\sts-4.22.0.RELEASE\plugins\org.eclipse.justj.openjdk.hotspot.jre.full.win32.x86_64_17.0.10.v20240120-1143\jre\bin\zip.dll
Event: 2.607 Loaded shared library C:\Users\student\Desktop\spring-tool-suite-4-4.22.0.RELEASE-e4.31.0-win32.win32.x86_64.self-extracting\sts-4.22.0.RELEASE\plugins\org.eclipse.justj.openjdk.hotspot.jre.full.win32.x86_64_17.0.10.v20240120-1143\jre\bin\instrument.dll
Event: 2.711 Loaded shared library C:\Users\student\Desktop\spring-tool-suite-4-4.22.0.RELEASE-e4.31.0-win32.win32.x86_64.self-extracting\sts-4.22.0.RELEASE\plugins\org.eclipse.justj.openjdk.hotspot.jre.full.win32.x86_64_17.0.10.v20240120-1143\jre\bin\net.dll
Event: 2.716 Loaded shared library C:\Users\student\Desktop\spring-tool-suite-4-4.22.0.RELEASE-e4.31.0-win32.win32.x86_64.self-extracting\sts-4.22.0.RELEASE\plugins\org.eclipse.justj.openjdk.hotspot.jre.full.win32.x86_64_17.0.10.v20240120-1143\jre\bin\nio.dll
Event: 2.761 Loaded shared library C:\Users\student\Desktop\spring-tool-suite-4-4.22.0.RELEASE-e4.31.0-win32.win32.x86_64.self-extracting\sts-4.22.0.RELEASE\plugins\org.eclipse.justj.openjdk.hotspot.jre.full.win32.x86_64_17.0.10.v20240120-1143\jre\bin\zip.dll
Event: 3.802 Loaded shared library C:\Users\student\Desktop\spring-tool-suite-4-4.22.0.RELEASE-e4.31.0-win32.win32.x86_64.self-extracting\sts-4.22.0.RELEASE\plugins\org.eclipse.justj.openjdk.hotspot.jre.full.win32.x86_64_17.0.10.v20240120-1143\jre\bin\jimage.dll
Event: 4.139 Loaded shared library C:\Users\student\Desktop\spring-tool-suite-4-4.22.0.RELEASE-e4.31.0-win32.win32.x86_64.self-extracting\sts-4.22.0.RELEASE\plugins\org.eclipse.justj.openjdk.hotspot.jre.full.win32.x86_64_17.0.10.v20240120-1143\jre\bin\management.dll
Event: 4.203 Loaded shared library C:\Users\student\Desktop\spring-tool-suite-4-4.22.0.RELEASE-e4.31.0-win32.win32.x86_64.self-extracting\sts-4.22.0.RELEASE\plugins\org.eclipse.justj.openjdk.hotspot.jre.full.win32.x86_64_17.0.10.v20240120-1143\jre\bin\management_ext.d
Event: 5.591 Loaded shared library C:\Users\student\Desktop\spring-tool-suite-4-4.22.0.RELEASE-e4.31.0-win32.win32.x86_64.self-extracting\sts-4.22.0.RELEASE\plugins\org.eclipse.justj.openjdk.hotspot.jre.full.win32.x86_64_17.0.10.v20240120-1143\jre\bin\extnet.dll
Event: 5.794 Loaded shared library C:\Users\student\Desktop\spring-tool-suite-4-4.22.0.RELEASE-e4.31.0-win32.win32.x86_64.self-extracting\sts-4.22.0.RELEASE\plugins\org.eclipse.justj.openjdk.hotspot.jre.full.win32.x86_64_17.0.10.v20240120-1143\jre\bin\verify.dll
Event: 14.853 Loaded shared library C:\Users\student\Desktop\spring-tool-suite-4-4.22.0.RELEASE-e4.31.0-win32.win32.x86_64.self-extracting\sts-4.22.0.RELEASE\plugins\org.eclipse.justj.openjdk.hotspot.jre.full.win32.x86_64_17.0.10.v20240120-1143\jre\bin\sunmscapi.dll
Event: 68.825 Loaded shared library C:\ProgramData\ABBYY\FCSDK\12\FlexiCapture SDK\Java\com.abbyy.FCEngine\win\x64\FCEngine.Jni.dll
Event: 220.316 Loaded shared library C:\Users\student\Desktop\spring-tool-suite-4-4.22.0.RELEASE-e4.31.0-win32.win32.x86_64.self-extracting\sts-4.22.0.RELEASE\plugins\org.eclipse.justj.openjdk.hotspot.jre.full.win32.x86_64_17.0.10.v20240120-1143\jre\bin\awt.dll

Deoptimization events (20 events):
Event: 38.679 Thread 0x0000024b396fea80 DEOPT PACKING pc=0x0000024b2b1b7554 sp=0x000000a3860fc760
Event: 38.679 Thread 0x0000024b396fea80 DEOPT UNPACKING pc=0x0000024b2ae37143 sp=0x000000a3860fbbf8 mode 1
Event: 38.680 Thread 0x0000024b396fea80 DEOPT PACKING pc=0x0000024b2b1b67fc sp=0x000000a3860fc830
Event: 38.680 Thread 0x0000024b396fea80 DEOPT UNPACKING pc=0x0000024b2ae37143 sp=0x000000a3860fbce8 mode 1
Event: 38.680 Thread 0x0000024b396fea80 DEOPT PACKING pc=0x0000024b2b16c6d4 sp=0x000000a3860fd210
Event: 38.680 Thread 0x0000024b396fea80 DEOPT UNPACKING pc=0x0000024b2ae37143 sp=0x000000a3860fc6e8 mode 1
Event: 38.680 Thread 0x0000024b396fea80 DEOPT PACKING pc=0x0000024b2b41dabc sp=0x000000a3860fd2b0
Event: 38.680 Thread 0x0000024b396fea80 DEOPT UNPACKING pc=0x0000024b2ae37143 sp=0x000000a3860fc900 mode 1
Event: 38.706 Thread 0x0000024b396fea80 DEOPT PACKING pc=0x0000024b2b1b7554 sp=0x000000a3860fc4d0
Event: 38.706 Thread 0x0000024b396fea80 DEOPT UNPACKING pc=0x0000024b2ae37143 sp=0x000000a3860fb968 mode 1
Event: 38.706 Thread 0x0000024b396fea80 DEOPT PACKING pc=0x0000024b2b1b67fc sp=0x000000a3860fc5a0
Event: 38.706 Thread 0x0000024b396fea80 DEOPT UNPACKING pc=0x0000024b2ae37143 sp=0x000000a3860fba58 mode 1
Event: 38.719 Thread 0x0000024b396fea80 DEOPT PACKING pc=0x0000024b2b1b7554 sp=0x000000a3860fc590
Event: 38.719 Thread 0x0000024b396fea80 DEOPT UNPACKING pc=0x0000024b2ae37143 sp=0x000000a3860fba28 mode 1
Event: 38.720 Thread 0x0000024b396fea80 DEOPT PACKING pc=0x0000024b2b1b67fc sp=0x000000a3860fc660
Event: 38.720 Thread 0x0000024b396fea80 DEOPT UNPACKING pc=0x0000024b2ae37143 sp=0x000000a3860fbb18 mode 1
Event: 38.720 Thread 0x0000024b396fea80 DEOPT PACKING pc=0x0000024b2b1b7554 sp=0x000000a3860fc660
Event: 38.720 Thread 0x0000024b396fea80 DEOPT UNPACKING pc=0x0000024b2ae37143 sp=0x000000a3860fbaf8 mode 1
Event: 38.720 Thread 0x0000024b396fea80 DEOPT PACKING pc=0x0000024b2b1b67fc sp=0x000000a3860fc730
Event: 38.720 Thread 0x0000024b396fea80 DEOPT UNPACKING pc=0x0000024b2ae37143 sp=0x000000a3860fbbe8 mode 1

Classes unloaded (20 events):
Event: 222.358 Thread 0x0000024b33fc3c30 Unloading class 0x0000000100115000 'jdk/internal/reflect/GeneratedSerializationConstructorAccessor7'
Event: 222.358 Thread 0x0000024b33fc3c30 Unloading class 0x0000000100114c00 'jdk/internal/reflect/GeneratedSerializationConstructorAccessor6'
Event: 222.358 Thread 0x0000024b33fc3c30 Unloading class 0x0000000100114800 'jdk/internal/reflect/GeneratedSerializationConstructorAccessor5'
Event: 222.358 Thread 0x0000024b33fc3c30 Unloading class 0x0000000100114400 'jdk/internal/reflect/GeneratedSerializationConstructorAccessor4'
Event: 222.358 Thread 0x0000024b33fc3c30 Unloading class 0x000000010010b800 'java/lang/invoke/LambdaForm$MH+0x000000010010b800'
Event: 222.358 Thread 0x0000024b33fc3c30 Unloading class 0x000000010010b400 'java/lang/invoke/LambdaForm$MH+0x000000010010b400'
Event: 222.358 Thread 0x0000024b33fc3c30 Unloading class 0x000000010010b000 'java/lang/invoke/LambdaForm$MH+0x000000010010b000'
Event: 222.358 Thread 0x0000024b33fc3c30 Unloading class 0x000000010010ac00 'java/lang/invoke/LambdaForm$MH+0x000000010010ac00'
Event: 222.358 Thread 0x0000024b33fc3c30 Unloading class 0x000000010010a800 'java/lang/invoke/LambdaForm$MH+0x000000010010a800'
Event: 222.358 Thread 0x0000024b33fc3c30 Unloading class 0x000000010010a400 'java/lang/invoke/LambdaForm$MH+0x000000010010a400'
Event: 222.358 Thread 0x0000024b33fc3c30 Unloading class 0x000000010010a000 'jdk/internal/reflect/GeneratedSerializationConstructorAccessor3'
Event: 222.358 Thread 0x0000024b33fc3c30 Unloading class 0x0000000100109c00 'jdk/internal/reflect/GeneratedSerializationConstructorAccessor2'
Event: 222.358 Thread 0x0000024b33fc3c30 Unloading class 0x0000000100109800 'jdk/internal/reflect/GeneratedSerializationConstructorAccessor1'
Event: 222.358 Thread 0x0000024b33fc3c30 Unloading class 0x0000000100109000 'java/lang/invoke/LambdaForm$DMH+0x0000000100109000'
Event: 222.358 Thread 0x0000024b33fc3c30 Unloading class 0x0000000100108800 'java/lang/invoke/LambdaForm$DMH+0x0000000100108800'
Event: 222.358 Thread 0x0000024b33fc3c30 Unloading class 0x0000000100107c00 'jdk/internal/reflect/GeneratedConstructorAccessor1'
Event: 222.358 Thread 0x0000024b33fc3c30 Unloading class 0x0000000100103400 'java/lang/invoke/LambdaForm$MH+0x0000000100103400'
Event: 222.358 Thread 0x0000024b33fc3c30 Unloading class 0x0000000100102c00 'java/lang/invoke/LambdaForm$MH+0x0000000100102c00'
Event: 222.358 Thread 0x0000024b33fc3c30 Unloading class 0x0000000100102400 'java/lang/invoke/LambdaForm$MH+0x0000000100102400'
Event: 230.166 Thread 0x0000024b33fc3c30 Unloading class 0x000000010062c000 'jdk/internal/reflect/GeneratedConstructorAccessor29'

Classes redefined (0 events):
No events

Internal exceptions (20 events):
Event: 25.900 Thread 0x0000024b396fe060 Exception <a 'java/lang/NoSuchMethodError'{0x000000009e7332b0}: 'int java.lang.invoke.DirectMethodHandle$Holder.invokeStaticInit(java.lang.Object, java.lang.Object, java.lang.Object, java.lang.Object)'> (0x000000009e7332b0) 
thrown [s\src\hotspot\share\interpreter\linkResolver.cpp, line 759]
Event: 26.883 Thread 0x0000024b396fe060 Exception <a 'java/lang/NoSuchMethodError'{0x00000000a0929040}: 'java.lang.Object java.lang.invoke.DirectMethodHandle$Holder.newInvokeSpecial(java.lang.Object, java.lang.Object, int, java.lang.Object, java.lang.Object)'> (0x00000000a0929040) 
thrown [s\src\hotspot\share\interpreter\linkResolver.cpp, line 759]
Event: 26.883 Thread 0x0000024b396fe060 Exception <a 'java/lang/NoSuchMethodError'{0x00000000a09346b8}: 'java.lang.Object java.lang.invoke.DirectMethodHandle$Holder.invokeSpecial(java.lang.Object, java.lang.Object, int, java.lang.Object, int, java.lang.Object)'> (0x00000000a09346b8) 
thrown [s\src\hotspot\share\interpreter\linkResolver.cpp, line 759]
Event: 26.883 Thread 0x0000024b396fe060 Exception <a 'java/lang/NoSuchMethodError'{0x00000000a093c768}: 'java.lang.Object java.lang.invoke.DirectMethodHandle$Holder.newInvokeSpecial(java.lang.Object, java.lang.Object, int, java.lang.Object, int)'> (0x00000000a093c768) 
thrown [s\src\hotspot\share\interpreter\linkResolver.cpp, line 759]
Event: 26.883 Thread 0x0000024b396fe060 Exception <a 'java/lang/NoSuchMethodError'{0x00000000a0940868}: 'java.lang.Object java.lang.invoke.DirectMethodHandle$Holder.invokeSpecial(java.lang.Object, java.lang.Object, java.lang.Object, int, java.lang.Object, int)'> (0x00000000a0940868) 
thrown [s\src\hotspot\share\interpreter\linkResolver.cpp, line 759]
Event: 38.523 Thread 0x0000024b396fea80 Exception <a 'java/lang/NoSuchMethodError'{0x00000000a01fa840}: 'java.lang.Object java.lang.invoke.DirectMethodHandle$Holder.invokeSpecial(java.lang.Object, java.lang.Object, java.lang.Object, java.lang.Object, java.lang.Object, long)'> (0x00000000a01fa840) 
thrown [s\src\hotspot\share\interpreter\linkResolver.cpp, line 759]
Event: 38.524 Thread 0x0000024b396fea80 Exception <a 'java/lang/NoSuchMethodError'{0x00000000a01fe280}: 'java.lang.Object java.lang.invoke.Invokers$Holder.linkToTargetMethod(java.lang.Object, java.lang.Object, java.lang.Object, long, java.lang.Object)'> (0x00000000a01fe280) 
thrown [s\src\hotspot\share\interpreter\linkResolver.cpp, line 759]
Event: 220.261 Thread 0x0000024b396fea80 Exception <a 'java/lang/ClassNotFoundException'{0x000000009f650c88}: sun/awt/resources/spi/awtProvider> (0x000000009f650c88) 
thrown [s\src\hotspot\share\classfile\systemDictionary.cpp, line 256]
Event: 220.329 Thread 0x0000024b396fea80 Exception <a 'java/io/FileNotFoundException'{0x000000009f657600}> (0x000000009f657600) 
thrown [s\src\hotspot\share\prims\jni.cpp, line 516]
Event: 220.338 Thread 0x0000024b396fea80 Exception <a 'java/io/FileNotFoundException'{0x000000009f658eb8}> (0x000000009f658eb8) 
thrown [s\src\hotspot\share\prims\jni.cpp, line 516]
Event: 226.993 Thread 0x0000024b396fea80 Exception <a 'java/lang/ArrayIndexOutOfBoundsException'{0x00000000a33effb0}: Index 288 out of bounds for length 288> (0x00000000a33effb0) 
thrown [s\src\hotspot\share\interpreter\interpreterRuntime.cpp, line 428]
Event: 229.779 Thread 0x0000024b396fea80 Exception <a 'java/lang/ArrayIndexOutOfBoundsException'{0x00000000a1745810}: Index 288 out of bounds for length 288> (0x00000000a1745810) 
thrown [s\src\hotspot\share\interpreter\interpreterRuntime.cpp, line 428]
Event: 229.789 Thread 0x0000024b396fea80 Exception <a 'java/lang/ArrayIndexOutOfBoundsException'{0x00000000a1754e58}: Index 288 out of bounds for length 288> (0x00000000a1754e58) 
thrown [s\src\hotspot\share\interpreter\interpreterRuntime.cpp, line 428]
Event: 229.800 Thread 0x0000024b396fea80 Exception <a 'java/lang/ArrayIndexOutOfBoundsException'{0x00000000a1781f20}: Index 288 out of bounds for length 288> (0x00000000a1781f20) 
thrown [s\src\hotspot\share\interpreter\interpreterRuntime.cpp, line 428]
Event: 232.770 Thread 0x0000024b396fea80 Exception <a 'java/lang/ArrayIndexOutOfBoundsException'{0x00000000a36411a0}: Index 288 out of bounds for length 288> (0x00000000a36411a0) 
thrown [s\src\hotspot\share\interpreter\interpreterRuntime.cpp, line 428]
Event: 234.358 Thread 0x0000024b396fea80 Exception <a 'java/lang/ArrayIndexOutOfBoundsException'{0x00000000a2ca8b38}: Index 288 out of bounds for length 288> (0x00000000a2ca8b38) 
thrown [s\src\hotspot\share\interpreter\interpreterRuntime.cpp, line 428]
Event: 235.489 Thread 0x0000024b396fea80 Exception <a 'java/lang/ArrayIndexOutOfBoundsException'{0x00000000a22c8c08}: Index 288 out of bounds for length 288> (0x00000000a22c8c08) 
thrown [s\src\hotspot\share\interpreter\interpreterRuntime.cpp, line 428]
Event: 236.022 Thread 0x0000024b396fea80 Exception <a 'java/lang/ArrayIndexOutOfBoundsException'{0x00000000a1bebb80}: Index 288 out of bounds for length 288> (0x00000000a1bebb80) 
thrown [s\src\hotspot\share\interpreter\interpreterRuntime.cpp, line 428]
Event: 237.772 Thread 0x0000024b396fea80 Exception <a 'java/lang/ArrayIndexOutOfBoundsException'{0x00000000a484b6c0}: Index 288 out of bounds for length 288> (0x00000000a484b6c0) 
thrown [s\src\hotspot\share\interpreter\interpreterRuntime.cpp, line 428]
Event: 237.783 Thread 0x0000024b396fea80 Exception <a 'java/lang/ArrayIndexOutOfBoundsException'{0x00000000a48f0040}: Index 288 out of bounds for length 288> (0x00000000a48f0040) 
thrown [s\src\hotspot\share\interpreter\interpreterRuntime.cpp, line 428]

VM Operations (20 events):
Event: 233.308 Executing VM operation: G1CollectForAllocation
Event: 233.335 Executing VM operation: G1CollectForAllocation done
Event: 234.342 Executing VM operation: Cleanup
Event: 234.347 Executing VM operation: Cleanup done
Event: 235.351 Executing VM operation: Cleanup
Event: 235.359 Executing VM operation: Cleanup done
Event: 236.360 Executing VM operation: Cleanup
Event: 236.362 Executing VM operation: Cleanup done
Event: 236.446 Executing VM operation: G1CollectForAllocation
Event: 236.460 Executing VM operation: G1CollectForAllocation done
Event: 236.675 Executing VM operation: G1PauseRemark
Event: 236.707 Executing VM operation: G1PauseRemark done
Event: 236.849 Executing VM operation: G1PauseCleanup
Event: 236.903 Executing VM operation: G1PauseCleanup done
Event: 240.844 Executing VM operation: G1CollectForAllocation
Event: 240.858 Executing VM operation: G1CollectForAllocation done
Event: 241.456 Executing VM operation: G1CollectForAllocation
Event: 241.470 Executing VM operation: G1CollectForAllocation done
Event: 251.514 Executing VM operation: Cleanup
Event: 251.537 Executing VM operation: Cleanup done

Events (20 events):
Event: 241.250 loading class java/awt/Point done
Event: 241.250 loading class java/awt/image/SinglePixelPackedSampleModel
Event: 241.250 loading class java/awt/image/SinglePixelPackedSampleModel done
Event: 241.251 loading class sun/awt/image/IntegerInterleavedRaster
Event: 241.251 loading class sun/awt/image/IntegerComponentRaster
Event: 241.252 loading class sun/awt/image/IntegerComponentRaster done
Event: 241.252 loading class sun/awt/image/IntegerInterleavedRaster done
Event: 241.253 loading class sun/awt/image/NativeLibLoader
Event: 241.253 loading class sun/awt/image/NativeLibLoader done
Event: 241.254 loading class sun/awt/image/NativeLibLoader$1
Event: 241.254 loading class sun/awt/image/NativeLibLoader$1 done
Event: 241.254 loading class java/awt/Rectangle
Event: 241.254 loading class java/awt/Shape
Event: 241.254 loading class java/awt/Shape done
Event: 241.254 loading class java/awt/geom/Rectangle2D
Event: 241.254 loading class java/awt/geom/RectangularShape
Event: 241.254 loading class java/awt/geom/RectangularShape done
Event: 241.254 loading class java/awt/geom/Rectangle2D done
Event: 241.254 loading class java/awt/Rectangle done
Event: 253.708 Thread 0x0000024b3435ed30 Thread exited: 0x0000024b3435ed30


Dynamic libraries:
0x00007ff6bce90000 - 0x00007ff6bce9e000 	C:\Users\student\Desktop\spring-tool-suite-4-4.22.0.RELEASE-e4.31.0-win32.win32.x86_64.self-extracting\sts-4.22.0.RELEASE\plugins\org.eclipse.justj.openjdk.hotspot.jre.full.win32.x86_64_17.0.10.v20240120-1143\jre\bin\javaw.exe
0x00007ffd737d0000 - 0x00007ffd7399f000 	C:\Windows\SYSTEM32\ntdll.dll
0x00007ffd70d70000 - 0x00007ffd70e1d000 	C:\Windows\System32\KERNEL32.DLL
0x00007ffd705b0000 - 0x00007ffd707ce000 	C:\Windows\System32\KERNELBASE.dll
0x00007ffd70c70000 - 0x00007ffd70d64000 	C:\Windows\System32\ucrtbase.dll
0x00007ffd669e0000 - 0x00007ffd669f7000 	C:\Users\student\Desktop\spring-tool-suite-4-4.22.0.RELEASE-e4.31.0-win32.win32.x86_64.self-extracting\sts-4.22.0.RELEASE\plugins\org.eclipse.justj.openjdk.hotspot.jre.full.win32.x86_64_17.0.10.v20240120-1143\jre\bin\jli.dll
0x00007ffd73310000 - 0x00007ffd73476000 	C:\Windows\System32\USER32.dll
0x00007ffd707d0000 - 0x00007ffd707ee000 	C:\Windows\System32\win32u.dll
0x00007ffd71120000 - 0x00007ffd71154000 	C:\Windows\System32\GDI32.dll
0x00007ffd6fca0000 - 0x00007ffd6fe24000 	C:\Windows\System32\gdi32full.dll
0x00007ffd66290000 - 0x00007ffd662ab000 	C:\Users\student\Desktop\spring-tool-suite-4-4.22.0.RELEASE-e4.31.0-win32.win32.x86_64.self-extracting\sts-4.22.0.RELEASE\plugins\org.eclipse.justj.openjdk.hotspot.jre.full.win32.x86_64_17.0.10.v20240120-1143\jre\bin\VCRUNTIME140.dll
0x00007ffd66ff0000 - 0x00007ffd6726a000 	C:\Windows\WinSxS\amd64_microsoft.windows.common-controls_6595b64144ccf1df_6.0.14393.4169_none_7de0bbf28341b1f2\COMCTL32.dll
0x00007ffd70f40000 - 0x00007ffd70fde000 	C:\Windows\System32\msvcrt.dll
0x00007ffd71b00000 - 0x00007ffd71dc6000 	C:\Windows\System32\combase.dll
0x00007ffd71600000 - 0x00007ffd7171d000 	C:\Windows\System32\RPCRT4.dll
0x00007ffd707f0000 - 0x00007ffd7085c000 	C:\Windows\System32\bcryptPrimitives.dll
0x00007ffd71dd0000 - 0x00007ffd71dfe000 	C:\Windows\System32\IMM32.DLL
0x00007ffd66c80000 - 0x00007ffd66c8c000 	C:\Users\student\Desktop\spring-tool-suite-4-4.22.0.RELEASE-e4.31.0-win32.win32.x86_64.self-extracting\sts-4.22.0.RELEASE\plugins\org.eclipse.justj.openjdk.hotspot.jre.full.win32.x86_64_17.0.10.v20240120-1143\jre\bin\vcruntime140_1.dll
0x00007ffd655d0000 - 0x00007ffd6565d000 	C:\Users\student\Desktop\spring-tool-suite-4-4.22.0.RELEASE-e4.31.0-win32.win32.x86_64.self-extracting\sts-4.22.0.RELEASE\plugins\org.eclipse.justj.openjdk.hotspot.jre.full.win32.x86_64_17.0.10.v20240120-1143\jre\bin\msvcp140.dll
0x00007ffd4dd90000 - 0x00007ffd4e9f2000 	C:\Users\student\Desktop\spring-tool-suite-4-4.22.0.RELEASE-e4.31.0-win32.win32.x86_64.self-extracting\sts-4.22.0.RELEASE\plugins\org.eclipse.justj.openjdk.hotspot.jre.full.win32.x86_64_17.0.10.v20240120-1143\jre\bin\server\jvm.dll
0x00007ffd73680000 - 0x00007ffd73726000 	C:\Windows\System32\ADVAPI32.dll
0x00007ffd73480000 - 0x00007ffd734db000 	C:\Windows\System32\sechost.dll
0x00007ffd6fc50000 - 0x00007ffd6fc9c000 	C:\Windows\System32\POWRPROF.dll
0x00007ffd65090000 - 0x00007ffd65099000 	C:\Windows\SYSTEM32\WSOCK32.dll
0x00007ffd735b0000 - 0x00007ffd7361a000 	C:\Windows\System32\WS2_32.dll
0x00007ffd6e170000 - 0x00007ffd6e193000 	C:\Windows\SYSTEM32\WINMM.dll
0x00007ffd6c330000 - 0x00007ffd6c33a000 	C:\Windows\SYSTEM32\VERSION.dll
0x00007ffd6e110000 - 0x00007ffd6e13b000 	C:\Windows\SYSTEM32\WINMMBASE.dll
0x00007ffd70860000 - 0x00007ffd708a2000 	C:\Windows\System32\cfgmgr32.dll
0x00007ffd6fc10000 - 0x00007ffd6fc1f000 	C:\Windows\System32\kernel.appcore.dll
0x00007ffd69080000 - 0x00007ffd6908a000 	C:\Users\student\Desktop\spring-tool-suite-4-4.22.0.RELEASE-e4.31.0-win32.win32.x86_64.self-extracting\sts-4.22.0.RELEASE\plugins\org.eclipse.justj.openjdk.hotspot.jre.full.win32.x86_64_17.0.10.v20240120-1143\jre\bin\jimage.dll
0x00007ffd60e00000 - 0x00007ffd60f92000 	C:\Windows\SYSTEM32\DBGHELP.DLL
0x00007ffd60d70000 - 0x00007ffd60d99000 	C:\Windows\SYSTEM32\dbgcore.DLL
0x00007ffd68630000 - 0x00007ffd6866b000 	C:\Users\student\Desktop\spring-tool-suite-4-4.22.0.RELEASE-e4.31.0-win32.win32.x86_64.self-extracting\sts-4.22.0.RELEASE\plugins\org.eclipse.justj.openjdk.hotspot.jre.full.win32.x86_64_17.0.10.v20240120-1143\jre\bin\jdwp.dll
0x00007ffd6d390000 - 0x00007ffd6d39e000 	C:\Users\student\Desktop\spring-tool-suite-4-4.22.0.RELEASE-e4.31.0-win32.win32.x86_64.self-extracting\sts-4.22.0.RELEASE\plugins\org.eclipse.justj.openjdk.hotspot.jre.full.win32.x86_64_17.0.10.v20240120-1143\jre\bin\instrument.dll
0x00007ffd66fc0000 - 0x00007ffd66fe5000 	C:\Users\student\Desktop\spring-tool-suite-4-4.22.0.RELEASE-e4.31.0-win32.win32.x86_64.self-extracting\sts-4.22.0.RELEASE\plugins\org.eclipse.justj.openjdk.hotspot.jre.full.win32.x86_64_17.0.10.v20240120-1143\jre\bin\java.dll
0x00007ffd67270000 - 0x00007ffd67288000 	C:\Users\student\Desktop\spring-tool-suite-4-4.22.0.RELEASE-e4.31.0-win32.win32.x86_64.self-extracting\sts-4.22.0.RELEASE\plugins\org.eclipse.justj.openjdk.hotspot.jre.full.win32.x86_64_17.0.10.v20240120-1143\jre\bin\zip.dll
0x00007ffd71e00000 - 0x00007ffd73305000 	C:\Windows\System32\SHELL32.dll
0x00007ffd6fe30000 - 0x00007ffd70503000 	C:\Windows\System32\windows.storage.dll
0x00007ffd715a0000 - 0x00007ffd715f2000 	C:\Windows\System32\shlwapi.dll
0x00007ffd708b0000 - 0x00007ffd70958000 	C:\Windows\System32\shcore.dll
0x00007ffd6fc30000 - 0x00007ffd6fc44000 	C:\Windows\System32\profapi.dll
0x00007ffd6d380000 - 0x00007ffd6d38c000 	C:\Users\student\Desktop\spring-tool-suite-4-4.22.0.RELEASE-e4.31.0-win32.win32.x86_64.self-extracting\sts-4.22.0.RELEASE\plugins\org.eclipse.justj.openjdk.hotspot.jre.full.win32.x86_64_17.0.10.v20240120-1143\jre\bin\dt_socket.dll
0x00007ffd6f210000 - 0x00007ffd6f248000 	C:\Windows\SYSTEM32\IPHLPAPI.DLL
0x00007ffd6f4e0000 - 0x00007ffd6f53d000 	C:\Windows\system32\mswsock.dll
0x00007ffd6f2a0000 - 0x00007ffd6f342000 	C:\Windows\SYSTEM32\DNSAPI.dll
0x00007ffd70f30000 - 0x00007ffd70f38000 	C:\Windows\System32\NSI.dll
0x00007ffd67d70000 - 0x00007ffd67d7a000 	C:\Windows\System32\rasadhlp.dll
0x00007ffd68690000 - 0x00007ffd686fa000 	C:\Windows\System32\fwpuclnt.dll
0x00007ffd6fb50000 - 0x00007ffd6fb7b000 	C:\Windows\SYSTEM32\bcrypt.dll
0x00007ffd66d50000 - 0x00007ffd66d69000 	C:\Users\student\Desktop\spring-tool-suite-4-4.22.0.RELEASE-e4.31.0-win32.win32.x86_64.self-extracting\sts-4.22.0.RELEASE\plugins\org.eclipse.justj.openjdk.hotspot.jre.full.win32.x86_64_17.0.10.v20240120-1143\jre\bin\net.dll
0x00007ffd6b7d0000 - 0x00007ffd6b89d000 	C:\Windows\SYSTEM32\WINHTTP.dll
0x00007ffd66d30000 - 0x00007ffd66d46000 	C:\Users\student\Desktop\spring-tool-suite-4-4.22.0.RELEASE-e4.31.0-win32.win32.x86_64.self-extracting\sts-4.22.0.RELEASE\plugins\org.eclipse.justj.openjdk.hotspot.jre.full.win32.x86_64_17.0.10.v20240120-1143\jre\bin\nio.dll
0x00007ffd66cc0000 - 0x00007ffd66cc9000 	C:\Users\student\Desktop\spring-tool-suite-4-4.22.0.RELEASE-e4.31.0-win32.win32.x86_64.self-extracting\sts-4.22.0.RELEASE\plugins\org.eclipse.justj.openjdk.hotspot.jre.full.win32.x86_64_17.0.10.v20240120-1143\jre\bin\management.dll
0x00007ffd66cb0000 - 0x00007ffd66cbb000 	C:\Users\student\Desktop\spring-tool-suite-4-4.22.0.RELEASE-e4.31.0-win32.win32.x86_64.self-extracting\sts-4.22.0.RELEASE\plugins\org.eclipse.justj.openjdk.hotspot.jre.full.win32.x86_64_17.0.10.v20240120-1143\jre\bin\management_ext.dll
0x00007ffd70e20000 - 0x00007ffd70e28000 	C:\Windows\System32\PSAPI.DLL
0x00007ffd5cf50000 - 0x00007ffd5cf66000 	C:\Windows\system32\napinsp.dll
0x00007ffd5cf70000 - 0x00007ffd5cf8a000 	C:\Windows\system32\pnrpnsp.dll
0x00007ffd6d3c0000 - 0x00007ffd6d3d8000 	C:\Windows\system32\NLAapi.dll
0x00007ffd5cf90000 - 0x00007ffd5cf9e000 	C:\Windows\System32\winrnr.dll
0x00007ffd6f680000 - 0x00007ffd6f697000 	C:\Windows\SYSTEM32\CRYPTSP.dll
0x00007ffd6f090000 - 0x00007ffd6f0c3000 	C:\Windows\system32\rsaenh.dll
0x00007ffd6f350000 - 0x00007ffd6f370000 	C:\Windows\SYSTEM32\USERENV.dll
0x00007ffd6f6a0000 - 0x00007ffd6f6ab000 	C:\Windows\SYSTEM32\CRYPTBASE.dll
0x00007ffd690b0000 - 0x00007ffd690c6000 	C:\Windows\SYSTEM32\dhcpcsvc6.DLL
0x00007ffd69090000 - 0x00007ffd690aa000 	C:\Windows\SYSTEM32\dhcpcsvc.DLL
0x00007ffd65b60000 - 0x00007ffd65b69000 	C:\Users\student\Desktop\spring-tool-suite-4-4.22.0.RELEASE-e4.31.0-win32.win32.x86_64.self-extracting\sts-4.22.0.RELEASE\plugins\org.eclipse.justj.openjdk.hotspot.jre.full.win32.x86_64_17.0.10.v20240120-1143\jre\bin\extnet.dll
0x00007ffd66c60000 - 0x00007ffd66c70000 	C:\Users\student\Desktop\spring-tool-suite-4-4.22.0.RELEASE-e4.31.0-win32.win32.x86_64.self-extracting\sts-4.22.0.RELEASE\plugins\org.eclipse.justj.openjdk.hotspot.jre.full.win32.x86_64_17.0.10.v20240120-1143\jre\bin\verify.dll
0x00007ffd66cd0000 - 0x00007ffd66cde000 	C:\Users\student\Desktop\spring-tool-suite-4-4.22.0.RELEASE-e4.31.0-win32.win32.x86_64.self-extracting\sts-4.22.0.RELEASE\plugins\org.eclipse.justj.openjdk.hotspot.jre.full.win32.x86_64_17.0.10.v20240120-1143\jre\bin\sunmscapi.dll
0x00007ffd70a70000 - 0x00007ffd70c63000 	C:\Windows\System32\CRYPT32.dll
0x00007ffd6fc20000 - 0x00007ffd6fc30000 	C:\Windows\System32\MSASN1.dll
0x00007ffd6f760000 - 0x00007ffd6f786000 	C:\Windows\SYSTEM32\ncrypt.dll
0x00007ffd6f720000 - 0x00007ffd6f75b000 	C:\Windows\SYSTEM32\NTASN1.dll
0x0000000180000000 - 0x00000001802bb000 	C:\ProgramData\ABBYY\FCSDK\12\FlexiCapture SDK\Java\com.abbyy.FCEngine\win\x64\FCEngine.Jni.dll
0x00007ffd70fe0000 - 0x00007ffd71119000 	C:\Windows\System32\ole32.dll
0x00007ffd718c0000 - 0x00007ffd71980000 	C:\Windows\System32\OLEAUT32.dll
0x00007ffd70510000 - 0x00007ffd705ac000 	C:\Windows\System32\msvcp_win.dll
0x00007ffd6e480000 - 0x00007ffd6e515000 	C:\Windows\system32\uxtheme.dll
0x0000024b3b7a0000 - 0x0000024b3bc8c000 	C:\Program Files\ABBYY SDK\12\FlexiCapture SDK\Bin64\FCEngine.dll
0x0000024b34ea0000 - 0x0000024b34f6c000 	C:\Program Files\ABBYY SDK\12\FlexiCapture SDK\Bin64\FineObj.dll
0x00007ffd64570000 - 0x00007ffd64799000 	C:\Program Files\ABBYY SDK\12\FlexiCapture SDK\Bin64\LangInfoUnicode.dll
0x00007ffd64380000 - 0x00007ffd64565000 	C:\Program Files\ABBYY SDK\12\FlexiCapture SDK\Bin64\Awl.dll
0x00007ffd575f0000 - 0x00007ffd57655000 	C:\Windows\SYSTEM32\OLEACC.dll
0x00007ffd6b4c0000 - 0x00007ffd6b547000 	C:\Windows\SYSTEM32\WINSPOOL.DRV
0x00007ffd57800000 - 0x00007ffd57807000 	C:\Windows\SYSTEM32\MSIMG32.dll
0x0000000027ad0000 - 0x0000000027ade000 	c:\program files\abbyy sdk\12\flexicapture sdk\bin64\fcengine0.dll
0x0000024b3be80000 - 0x0000024b3c9f8000 	c:\program files\abbyy sdk\12\flexicapture sdk\bin64\controller.dll
0x00007ffd64000000 - 0x00007ffd640c1000 	c:\program files\abbyy sdk\12\flexicapture sdk\bin64\ServerLib.dll
0x00007ffd6b7c0000 - 0x00007ffd6b7cc000 	C:\Windows\SYSTEM32\Secur32.dll
0x00007ffd57aa0000 - 0x00007ffd57e82000 	C:\Windows\SYSTEM32\WININET.dll
0x00007ffd685e0000 - 0x00007ffd6862f000 	c:\program files\abbyy sdk\12\flexicapture sdk\bin64\AbbyyZlib.dll
0x0000024b3ca00000 - 0x0000024b3cba3000 	c:\program files\abbyy sdk\12\flexicapture sdk\bin64\FineFormats.dll
0x00007ffd6f880000 - 0x00007ffd6f8ac000 	C:\Windows\SYSTEM32\SSPICLI.DLL
0x00007ffd5c750000 - 0x00007ffd5c7f1000 	c:\program files\abbyy sdk\12\flexicapture sdk\bin64\controller0.dll
0x00007ffd58320000 - 0x00007ffd59182000 	c:\program files\abbyy sdk\12\flexicapture sdk\bin64\image.services.core.dll
0x00007ffd663e0000 - 0x00007ffd66428000 	c:\program files\abbyy sdk\12\flexicapture sdk\bin64\Image.Services.Cnn.dll
0x00007ffd4d830000 - 0x00007ffd4d9e9000 	c:\program files\abbyy sdk\12\flexicapture sdk\bin64\NeoML.dll
0x00007ffd45760000 - 0x00007ffd46749000 	c:\program files\abbyy sdk\12\flexicapture sdk\bin64\NeoMathEngine.dll
0x00007ffd63fa0000 - 0x00007ffd64000000 	c:\program files\abbyy sdk\12\flexicapture sdk\bin64\ExtraNeoML.Dnn.dll
0x00007ffd685b0000 - 0x00007ffd685d9000 	C:\Windows\SYSTEM32\VCOMP140.DLL
0x00007ffd66c90000 - 0x00007ffd66cb0000 	c:\program files\abbyy sdk\12\flexicapture sdk\bin64\image.format.bmp.dll
0x00007ffd663c0000 - 0x00007ffd663d4000 	c:\program files\abbyy sdk\12\flexicapture sdk\bin64\image.format.djvu.dll
0x00007ffd66330000 - 0x00007ffd6634c000 	c:\program files\abbyy sdk\12\flexicapture sdk\bin64\image.format.gif.dll
0x00007ffd6cd40000 - 0x00007ffd6cd4e000 	c:\program files\abbyy sdk\12\flexicapture sdk\bin64\image.format.jbig2.dll
0x00007ffd662b0000 - 0x00007ffd662dd000 	c:\program files\abbyy sdk\12\flexicapture sdk\bin64\image.format.jpeg.dll
0x00007ffd62c80000 - 0x00007ffd62cde000 	c:\program files\abbyy sdk\12\flexicapture sdk\bin64\image.format.jpeg2k.dll
0x00007ffd656e0000 - 0x00007ffd65701000 	c:\program files\abbyy sdk\12\flexicapture sdk\bin64\image.format.pcx.dll
0x00007ffd5c6a0000 - 0x00007ffd5c74a000 	c:\program files\abbyy sdk\12\flexicapture sdk\bin64\image.format.pdf.dll
0x00007ffd4ca70000 - 0x00007ffd4cba4000 	c:\program files\abbyy sdk\12\flexicapture sdk\bin64\Export.Common.dll
0x00007ffd62a20000 - 0x00007ffd62a67000 	c:\program files\abbyy sdk\12\flexicapture sdk\bin64\image.format.png.dll
0x00007ffd5aba0000 - 0x00007ffd5abfd000 	c:\program files\abbyy sdk\12\flexicapture sdk\bin64\image.format.tiff.dll
0x00007ffd59f10000 - 0x00007ffd59f6d000 	c:\program files\abbyy sdk\12\flexicapture sdk\bin64\image.format.wdp.dll
0x00007ffd66310000 - 0x00007ffd66330000 	c:\program files\abbyy sdk\12\flexicapture sdk\bin64\image.format.wic.dll
0x00007ffd73730000 - 0x00007ffd737cf000 	C:\Windows\System32\clbcatq.dll
0x00007ffd6d570000 - 0x00007ffd6d718000 	C:\Windows\system32\windowscodecs.dll
0x00007ffd65530000 - 0x00007ffd65543000 	c:\program files\abbyy sdk\12\flexicapture sdk\bin64\image.format.xps.dll
0x00007ffd582b0000 - 0x00007ffd5831e000 	c:\program files\abbyy sdk\12\flexicapture sdk\bin64\techresources0.dll
0x00007ffd65510000 - 0x00007ffd65525000 	c:\program files\abbyy sdk\12\flexicapture sdk\bin64\morphores0.dll
0x000000002f890000 - 0x000000002fc98000 	c:\program files\abbyy sdk\12\flexicapture sdk\bin64\protection.developer.dll
0x00007ffd73550000 - 0x00007ffd735ad000 	C:\Windows\System32\WLDAP32.dll
0x00007ffd71590000 - 0x00007ffd71598000 	C:\Windows\System32\Normaliz.dll
0x00007ffd4eab0000 - 0x00007ffd4eb25000 	c:\program files\abbyy sdk\12\flexicapture sdk\bin64\FineNet.dll
0x00007ffd6da50000 - 0x00007ffd6da63000 	C:\Windows\SYSTEM32\WTSAPI32.dll
0x000000002ff80000 - 0x000000002ffcd000 	c:\program files\abbyy sdk\12\flexicapture sdk\bin64\protectionres0.dll
0x000000002ffd0000 - 0x000000002fff5000 	c:\program files\abbyy sdk\12\flexicapture sdk\bin64\protectionresshared.dll
0x00007ffd6fab0000 - 0x00007ffd6fb48000 	C:\Windows\SYSTEM32\sxs.dll
0x00007ffd62d90000 - 0x00007ffd62db9000 	c:\program files\abbyy sdk\12\flexicapture sdk\bin64\officeconverter.dll
0x00007ffd6aec0000 - 0x00007ffd6aed0000 	c:\program files\abbyy sdk\12\flexicapture sdk\bin64\image.codec.lzw.dll

dbghelp: loaded successfully - version: 4.0.5 - missing functions: none
symbol engine: initialized successfully - sym options: 0x614 - pdb path: .;C:\Users\student\Desktop\spring-tool-suite-4-4.22.0.RELEASE-e4.31.0-win32.win32.x86_64.self-extracting\sts-4.22.0.RELEASE\plugins\org.eclipse.justj.openjdk.hotspot.jre.full.win32.x86_64_17.0.10.v20240120-1143\jre\bin;C:\Windows\SYSTEM32;C:\Windows\WinSxS\amd64_microsoft.windows.common-controls_6595b64144ccf1df_6.0.14393.4169_none_7de0bbf28341b1f2;C:\Users\student\Desktop\spring-tool-suite-4-4.22.0.RELEASE-e4.31.0-win32.win32.x86_64.self-extracting\sts-4.22.0.RELEASE\plugins\org.eclipse.justj.openjdk.hotspot.jre.full.win32.x86_64_17.0.10.v20240120-1143\jre\bin\server;C:\ProgramData\ABBYY\FCSDK\12\FlexiCapture SDK\Java\com.abbyy.FCEngine\win\x64;C:\Program Files\ABBYY SDK\12\FlexiCapture SDK\Bin64

VM Arguments:
jvm_args: -XX:+ShowCodeDetailsInExceptionMessages -agentlib:jdwp=transport=dt_socket,suspend=y,address=localhost:50148 -Dcom.sun.management.jmxremote -Dcom.sun.management.jmxremote.port=50147 -Dcom.sun.management.jmxremote.authenticate=false -Dcom.sun.management.jmxremote.ssl=false -Djava.rmi.server.hostname=localhost -Dspring.jmx.enabled=true -Dmanagement.endpoints.jmx.exposure.include=* -Dspring.application.admin.enabled=true -XX:TieredStopAtLevel=1 -Dspring.boot.project.name=abbyyApi -javaagent:C:\Users\student\Desktop\spring-tool-suite-4-4.22.0.RELEASE-e4.31.0-win32.win32.x86_64.self-extracting\sts-4.22.0.RELEASE\configuration\org.eclipse.osgi\266\0\.cp\lib\javaagent-shaded.jar -Dfile.encoding=UTF-8 -Dstdout.encoding=UTF-8 -Dstderr.encoding=UTF-8 
java_command: com.abbyysdk.AbbyyApiApplication --spring.output.ansi.enabled=always
java_class_path (initial): C:\Users\student\Documents\workspace-spring-tool-suite-4-4.22.0.RELEASE\abbyyApi\target\classes;C:\ProgramData\ABBYY\FCSDK\12\FlexiCapture SDK\Inc\Java\com.abbyy.FCEngine.jar;C:\Users\student\.m2\repository\com\aspose\aspose-words\22.11\aspose-words-22.11-jdk17.jar;C:\Users\student\.m2\repository\org\jogamp\jogl\jogl-all-main\2.3.2\jogl-all-main-2.3.2.jar;C:\Users\student\.m2\repository\org\jogamp\jogl\jogl-all\2.3.2\jogl-all-2.3.2.jar;C:\Users\student\.m2\repository\org\jogamp\jogl\jogl-all\2.3.2\jogl-all-2.3.2-natives-android-aarch64.jar;C:\Users\student\.m2\repository\org\jogamp\jogl\jogl-all\2.3.2\jogl-all-2.3.2-natives-android-armv6.jar;C:\Users\student\.m2\repository\org\jogamp\jogl\jogl-all\2.3.2\jogl-all-2.3.2-natives-linux-amd64.jar;C:\Users\student\.m2\repository\org\jogamp\jogl\jogl-all\2.3.2\jogl-all-2.3.2-natives-linux-armv6.jar;C:\Users\student\.m2\repository\org\jogamp\jogl\jogl-all\2.3.2\jogl-all-2.3.2-natives-linux-armv6hf.jar;C:\Users\student\.m2\repository\org\jogamp\jogl\jogl-all\2.3.2\jogl-all-2.3.2-natives-linux-i586.jar;C:\Users\student\.m2\repository\org\jogamp\jogl\jogl-all\2.3.2\jogl-all-2.3.2-natives-macosx-universal.jar;C:\Users\student\.m2\repository\org\jogamp\jogl\jogl-all\2.3.2\jogl-all-2.3.2-natives-solaris-amd64.jar;C:\Users\student\.m2\repository\org\jogamp\jogl\jogl-all\2.3.2\jogl-all-2.3.2-natives-solaris-i586.jar;C:\Users\student\.m2\repository\org\jogamp\jogl\jogl-all\2.3.2\jogl-all-2.3.2-natives-windows-amd64.jar;C:\Users\student\.m2\repository\org\jogamp\jogl\jogl-all\2.3.2\jogl-all-2.3.2-natives-windows-i586.jar;C:\Users\student\.m2\repository\org\jogamp\gluegen\gluegen-rt-main\2.3.2\gluegen-rt-main-2.3.2.jar;C:\Users\student\.m2\repository\org\jogamp\gluegen\gluegen-rt\2.3.2\gluegen-rt-2.3.2.jar;C:\Users\student\.m2\repository\org\jogamp\gluegen\gluegen-rt\2.3.2\gluegen-rt-2.3.2-natives-android-aarch64.jar;C:\Users\student\.m2\repository\org\jogamp\gluegen\gluegen-rt\2.3.2\gluegen-rt-2.3.2-nativ
Launcher Type: SUN_STANDARD

[Global flags]
     intx CICompilerCount                          = 2                                         {product} {ergonomic}
     uint ConcGCThreads                            = 1                                         {product} {ergonomic}
     uint G1ConcRefinementThreads                  = 2                                         {product} {ergonomic}
   size_t G1HeapRegionSize                         = 1048576                                   {product} {ergonomic}
    uintx GCDrainStackTargetSize                   = 64                                        {product} {ergonomic}
   size_t InitialHeapSize                          = 106954752                                 {product} {ergonomic}
     bool ManagementServer                         = true                                      {product} {command line}
   size_t MarkStackSize                            = 4194304                                   {product} {ergonomic}
   size_t MaxHeapSize                              = 1679818752                                {product} {ergonomic}
   size_t MaxNewSize                               = 1007681536                                {product} {ergonomic}
   size_t MinHeapDeltaBytes                        = 1048576                                   {product} {ergonomic}
   size_t MinHeapSize                              = 8388608                                   {product} {ergonomic}
    uintx NonProfiledCodeHeapSize                  = 0                                      {pd product} {ergonomic}
     bool ProfileInterpreter                       = false                                  {pd product} {command line}
    uintx ProfiledCodeHeapSize                     = 0                                      {pd product} {ergonomic}
     bool ShowCodeDetailsInExceptionMessages       = true                                   {manageable} {command line}
   size_t SoftMaxHeapSize                          = 1679818752                             {manageable} {ergonomic}
     intx TieredStopAtLevel                        = 1                                         {product} {command line}
     bool UseCompressedClassPointers               = true                           {product lp64_product} {ergonomic}
     bool UseCompressedOops                        = true                           {product lp64_product} {ergonomic}
     bool UseG1GC                                  = true                                      {product} {ergonomic}
     bool UseLargePagesIndividualAllocation        = false                                  {pd product} {ergonomic}

Logging:
Log output configuration:
 #0: stdout all=warning uptime,level,tags
 #1: stderr all=off uptime,level,tags

Environment Variables:
PATH=C:\Users\student\Desktop\spring-tool-suite-4-4.22.0.RELEASE-e4.31.0-win32.win32.x86_64.self-extracting\sts-4.22.0.RELEASE\plugins\org.eclipse.justj.openjdk.hotspot.jre.full.win32.x86_64_17.0.10.v20240120-1143\jre\bin;C:/Users/student/Desktop/spring-tool-suite-4-4.22.0.RELEASE-e4.31.0-win32.win32.x86_64.self-extracting/sts-4.22.0.RELEASE//plugins/org.eclipse.justj.openjdk.hotspot.jre.full.win32.x86_64_17.0.10.v20240120-1143/jre/bin/server;C:/Users/student/Desktop/spring-tool-suite-4-4.22.0.RELEASE-e4.31.0-win32.win32.x86_64.self-extracting/sts-4.22.0.RELEASE//plugins/org.eclipse.justj.openjdk.hotspot.jre.full.win32.x86_64_17.0.10.v20240120-1143/jre/bin;C:\Program Files\Common Files\Oracle\Java\javapath;C:\Windows\system32;C:\Windows;C:\Windows\System32\Wbem;C:\Windows\System32\WindowsPowerShell\v1.0\;C:\Program Files\Microsoft SQL Server\Client SDK\ODBC\110\Tools\Binn\;C:\Program Files (x86)\Microsoft SQL Server\120\Tools\Binn\;C:\Program Files\Microsoft SQL Server\120\Tools\Binn\;C:\Program Files\Microsoft SQL Server\120\DTS\Binn\;C:\Program Files\dotnet\;C:\Program Files\Microsoft SQL Server\130\Tools\Binn\;C:\Program Files\Microsoft SQL Server\Client SDK\ODBC\170\Tools\Binn\;C:\Program Files\Git\cmd;C:\Users\student\AppData\Local\Microsoft\WindowsApps;C:\Users\student\.dotnet\tools;C:\Users\student\Desktop\spring-tool-suite-4-4.22.0.RELEASE-e4.31.0-win32.win32.x86_64.self-extracting\sts-4.22.0.RELEASE;
USERNAME=student
OS=Windows_NT
PROCESSOR_IDENTIFIER=Intel64 Family 6 Model 140 Stepping 1, GenuineIntel
TMP=C:\Users\student\AppData\Local\Temp
TEMP=C:\Users\student\AppData\Local\Temp



Periodic native trim disabled


---------------  S Y S T E M  ---------------

OS:
 Windows 10 , 64 bit Build 14393 (10.0.14393.4651)
OS uptime: 0 days 1:01 hours
VMWare virtualization detected

CPU: total 2 (initial active 2) (1 cores per cpu, 1 threads per core) family 6 model 140 stepping 1 microcode 0xb4, cx8, cmov, fxsr, mmx, 3dnowpref, sse, sse2, sse3, ssse3, sse4.1, sse4.2, popcnt, lzcnt, tsc, tscinvbit, avx, avx2, aes, erms, clmul, bmi1, bmi2, adx, fma, vzeroupper, clflush, hv
Processor Information for all 2 processors :
  Max Mhz: 1382, Current Mhz: 1382, Mhz Limit: 1382

Memory: 4k page, system-wide physical 6403M (2980M free)
TotalPageFile size 7427M (AvailPageFile size 3577M)
current process WorkingSet (physical memory assigned to process): 402M, peak: 427M
current process commit charge ("private bytes"): 410M, peak: 440M

vm_info: OpenJDK 64-Bit Server VM (17.0.10+7) for windows-amd64 JRE (17.0.10+7), built on Jan 16 2024 23:25:11 by "admin" with MS VC++ 16.10 / 16.11 (VS2019)

END.
